{"$message_type":"diagnostic","message":"unresolved import `tower::ServiceExt`","code":{"code":"E0432","explanation":"An import was unresolved.\n\nErroneous code example:\n\n```compile_fail,E0432\nuse something::Foo; // error: unresolved import `something::Foo`.\n```\n\nIn Rust 2015, paths in `use` statements are relative to the crate root. To\nimport items relative to the current and parent modules, use the `self::` and\n`super::` prefixes, respectively.\n\nIn Rust 2018 or later, paths in `use` statements are relative to the current\nmodule unless they begin with the name of a crate or a literal `crate::`, in\nwhich case they start from the crate root. As in Rust 2015 code, the `self::`\nand `super::` prefixes refer to the current and parent modules respectively.\n\nAlso verify that you didn't misspell the import name and that the import exists\nin the module from where you tried to import it. Example:\n\n```\nuse self::something::Foo; // Ok.\n\nmod something {\n    pub struct Foo;\n}\n# fn main() {}\n```\n\nIf you tried to use a module from an external crate and are using Rust 2015,\nyou may have missed the `extern crate` declaration (which is usually placed in\nthe crate root):\n\n```edition2015\nextern crate core; // Required to use the `core` crate in Rust 2015.\n\nuse core::any;\n# fn main() {}\n```\n\nSince Rust 2018 the `extern crate` declaration is not required and\nyou can instead just `use` it:\n\n```edition2018\nuse core::any; // No extern crate required in Rust 2018.\n# fn main() {}\n```\n"},"level":"error","spans":[{"file_name":"src\\ports\\httpapi\\mod.rs","byte_start":4625,"byte_end":4642,"line_start":154,"line_end":154,"column_start":9,"column_end":26,"is_primary":true,"text":[{"text":"    use tower::ServiceExt;","highlight_start":9,"highlight_end":26}],"label":"no `ServiceExt` in the root","suggested_replacement":null,"suggestion_applicability":null,"expansion":null}],"children":[{"message":"found an item that was configured out","code":null,"level":"note","spans":[{"file_name":"C:\\Users\\Admin\\.cargo\\registry\\src\\index.crates.io-1949cf8c6b5b557f\\tower-0.4.13\\src\\lib.rs","byte_start":8994,"byte_end":9010,"line_start":220,"line_end":220,"column_start":7,"column_end":23,"is_primary":false,"text":[{"text":"#[cfg(feature = \"util\")]","highlight_start":7,"highlight_end":23}],"label":"the item is gated behind the `util` feature","suggested_replacement":null,"suggestion_applicability":null,"expansion":null},{"file_name":"C:\\Users\\Admin\\.cargo\\registry\\src\\index.crates.io-1949cf8c6b5b557f\\tower-0.4.13\\src\\lib.rs","byte_start":9109,"byte_end":9119,"line_start":223,"line_end":223,"column_start":34,"column_end":44,"is_primary":true,"text":[{"text":"pub use self::util::{service_fn, ServiceExt};","highlight_start":34,"highlight_end":44}],"label":null,"suggested_replacement":null,"suggestion_applicability":null,"expansion":null}],"children":[],"rendered":null},{"message":"a similar name exists in the module","code":null,"level":"help","spans":[{"file_name":"src\\ports\\httpapi\\mod.rs","byte_start":4632,"byte_end":4642,"line_start":154,"line_end":154,"column_start":16,"column_end":26,"is_primary":true,"text":[{"text":"    use tower::ServiceExt;","highlight_start":16,"highlight_end":26}],"label":null,"suggested_replacement":"Service","suggestion_applicability":"MaybeIncorrect","expansion":null}],"children":[],"rendered":null},{"message":"consider importing this trait instead","code":null,"level":"help","spans":[{"file_name":"src\\ports\\httpapi\\mod.rs","byte_start":4625,"byte_end":4642,"line_start":154,"line_end":154,"column_start":9,"column_end":26,"is_primary":true,"text":[{"text":"    use tower::ServiceExt;","highlight_start":9,"highlight_end":26}],"label":null,"suggested_replacement":"axum::ServiceExt","suggestion_applicability":"MaybeIncorrect","expansion":null}],"children":[],"rendered":null}],"rendered":"\u001b[1m\u001b[91merror[E0432]\u001b[0m\u001b[1m\u001b[97m: unresolved import `tower::ServiceExt`\u001b[0m\n   \u001b[1m\u001b[96m--> \u001b[0msrc\\ports\\httpapi\\mod.rs:154:9\n    \u001b[1m\u001b[96m|\u001b[0m\n\u001b[1m\u001b[96m154\u001b[0m \u001b[1m\u001b[96m|\u001b[0m     use tower::ServiceExt;\n    \u001b[1m\u001b[96m|\u001b[0m         \u001b[1m\u001b[91m^^^^^^^^^^^^^^^^^\u001b[0m \u001b[1m\u001b[91mno `ServiceExt` in the root\u001b[0m\n    \u001b[1m\u001b[96m|\u001b[0m\n\u001b[1m\u001b[92mnote\u001b[0m: found an item that was configured out\n   \u001b[1m\u001b[96m--> \u001b[0mC:\\Users\\Admin\\.cargo\\registry\\src\\index.crates.io-1949cf8c6b5b557f\\tower-0.4.13\\src\\lib.rs:223:34\n    \u001b[1m\u001b[96m|\u001b[0m\n\u001b[1m\u001b[96m220\u001b[0m \u001b[1m\u001b[96m|\u001b[0m #[cfg(feature = \"util\")]\n    \u001b[1m\u001b[96m|\u001b[0m       \u001b[1m\u001b[96m----------------\u001b[0m \u001b[1m\u001b[96mthe item is gated behind the `util` feature\u001b[0m\n\u001b[1m\u001b[96m...\u001b[0m\n\u001b[1m\u001b[96m223\u001b[0m \u001b[1m\u001b[96m|\u001b[0m pub use self::util::{service_fn, ServiceExt};\n    \u001b[1m\u001b[96m|\u001b[0m                                  \u001b[1m\u001b[92m^^^^^^^^^^\u001b[0m\n\u001b[1m\u001b[96mhelp\u001b[0m: a similar name exists in the module\n    \u001b[1m\u001b[96m|\u001b[0m\n\u001b[1m\u001b[96m154\u001b[0m \u001b[91m- \u001b[0m    use tower::\u001b[91mServiceExt\u001b[0m;\n\u001b[1m\u001b[96m154\u001b[0m \u001b[92m+ \u001b[0m    use tower::\u001b[92mService\u001b[0m;\n    \u001b[1m\u001b[96m|\u001b[0m\n\u001b[1m\u001b[96mhelp\u001b[0m: consider importing this trait instead\n    \u001b[1m\u001b[96m|\u001b[0m\n\u001b[1m\u001b[96m154\u001b[0m \u001b[91m- \u001b[0m    use \u001b[91mtower::ServiceExt\u001b[0m;\n\u001b[1m\u001b[96m154\u001b[0m \u001b[92m+ \u001b[0m    use \u001b[92maxum::ServiceExt\u001b[0m;\n    \u001b[1m\u001b[96m|\u001b[0m\n\n"}
{"$message_type":"diagnostic","message":"mismatched types","code":{"code":"E0308","explanation":"Expected type did not match the received type.\n\nErroneous code examples:\n\n```compile_fail,E0308\nfn plus_one(x: i32) -> i32 {\n    x + 1\n}\n\nplus_one(\"Not a number\");\n//       ^^^^^^^^^^^^^^ expected `i32`, found `&str`\n\nif \"Not a bool\" {\n// ^^^^^^^^^^^^ expected `bool`, found `&str`\n}\n\nlet x: f32 = \"Not a float\";\n//     ---   ^^^^^^^^^^^^^ expected `f32`, found `&str`\n//     |\n//     expected due to this\n```\n\nThis error occurs when an expression was used in a place where the compiler\nexpected an expression of a different type. It can occur in several cases, the\nmost common being when calling a function and passing an argument which has a\ndifferent type than the matching type in the function declaration.\n"},"level":"error","spans":[{"file_name":"src\\ports\\httpapi\\mod.rs","byte_start":3719,"byte_end":3729,"line_start":117,"line_end":117,"column_start":18,"column_end":28,"is_primary":true,"text":[{"text":"        .execute(&input.url)","highlight_start":18,"highlight_end":28}],"label":"expected `String`, found `&String`","suggested_replacement":null,"suggestion_applicability":null,"expansion":null},{"file_name":"src\\ports\\httpapi\\mod.rs","byte_start":3711,"byte_end":3718,"line_start":117,"line_end":117,"column_start":10,"column_end":17,"is_primary":false,"text":[{"text":"        .execute(&input.url)","highlight_start":10,"highlight_end":17}],"label":"arguments to this method are incorrect","suggested_replacement":null,"suggestion_applicability":null,"expansion":null}],"children":[{"message":"method defined here","code":null,"level":"note","spans":[{"file_name":"src\\app\\command\\create_short_url.rs","byte_start":522,"byte_end":538,"line_start":25,"line_end":25,"column_start":33,"column_end":49,"is_primary":false,"text":[{"text":"    pub async fn execute(&self, full_url: String) -> Result<String, String>{","highlight_start":33,"highlight_end":49}],"label":"","suggested_replacement":null,"suggestion_applicability":null,"expansion":null},{"file_name":"src\\app\\command\\create_short_url.rs","byte_start":507,"byte_end":514,"line_start":25,"line_end":25,"column_start":18,"column_end":25,"is_primary":true,"text":[{"text":"    pub async fn execute(&self, full_url: String) -> Result<String, String>{","highlight_start":18,"highlight_end":25}],"label":null,"suggested_replacement":null,"suggestion_applicability":null,"expansion":null}],"children":[],"rendered":null},{"message":"consider removing the borrow","code":null,"level":"help","spans":[{"file_name":"src\\ports\\httpapi\\mod.rs","byte_start":3719,"byte_end":3720,"line_start":117,"line_end":117,"column_start":18,"column_end":19,"is_primary":true,"text":[{"text":"        .execute(&input.url)","highlight_start":18,"highlight_end":19}],"label":null,"suggested_replacement":"","suggestion_applicability":"MachineApplicable","expansion":null}],"children":[],"rendered":null}],"rendered":"\u001b[1m\u001b[91merror[E0308]\u001b[0m\u001b[1m\u001b[97m: mismatched types\u001b[0m\n   \u001b[1m\u001b[96m--> \u001b[0msrc\\ports\\httpapi\\mod.rs:117:18\n    \u001b[1m\u001b[96m|\u001b[0m\n\u001b[1m\u001b[96m117\u001b[0m \u001b[1m\u001b[96m|\u001b[0m         .execute(&input.url)\n    \u001b[1m\u001b[96m|\u001b[0m          \u001b[1m\u001b[96m-------\u001b[0m \u001b[1m\u001b[91m^^^^^^^^^^\u001b[0m \u001b[1m\u001b[91mexpected `String`, found `&String`\u001b[0m\n    \u001b[1m\u001b[96m|\u001b[0m          \u001b[1m\u001b[96m|\u001b[0m\n    \u001b[1m\u001b[96m|\u001b[0m          \u001b[1m\u001b[96marguments to this method are incorrect\u001b[0m\n    \u001b[1m\u001b[96m|\u001b[0m\n\u001b[1m\u001b[92mnote\u001b[0m: method defined here\n   \u001b[1m\u001b[96m--> \u001b[0msrc\\app\\command\\create_short_url.rs:25:18\n    \u001b[1m\u001b[96m|\u001b[0m\n \u001b[1m\u001b[96m25\u001b[0m \u001b[1m\u001b[96m|\u001b[0m     pub async fn execute(&self, full_url: String) -> Result<String, String>{\n    \u001b[1m\u001b[96m|\u001b[0m                  \u001b[1m\u001b[92m^^^^^^^\u001b[0m        \u001b[1m\u001b[96m----------------\u001b[0m\n\u001b[1m\u001b[96mhelp\u001b[0m: consider removing the borrow\n    \u001b[1m\u001b[96m|\u001b[0m\n\u001b[1m\u001b[96m117\u001b[0m \u001b[91m- \u001b[0m        .execute(\u001b[91m&\u001b[0minput.url)\n\u001b[1m\u001b[96m117\u001b[0m \u001b[92m+ \u001b[0m        .execute(input.url)\n    \u001b[1m\u001b[96m|\u001b[0m\n\n"}
{"$message_type":"diagnostic","message":"mismatched types","code":{"code":"E0308","explanation":"Expected type did not match the received type.\n\nErroneous code examples:\n\n```compile_fail,E0308\nfn plus_one(x: i32) -> i32 {\n    x + 1\n}\n\nplus_one(\"Not a number\");\n//       ^^^^^^^^^^^^^^ expected `i32`, found `&str`\n\nif \"Not a bool\" {\n// ^^^^^^^^^^^^ expected `bool`, found `&str`\n}\n\nlet x: f32 = \"Not a float\";\n//     ---   ^^^^^^^^^^^^^ expected `f32`, found `&str`\n//     |\n//     expected due to this\n```\n\nThis error occurs when an expression was used in a place where the compiler\nexpected an expression of a different type. It can occur in several cases, the\nmost common being when calling a function and passing an argument which has a\ndifferent type than the matching type in the function declaration.\n"},"level":"error","spans":[{"file_name":"src\\ports\\httpapi\\mod.rs","byte_start":3665,"byte_end":3796,"line_start":115,"line_end":119,"column_start":5,"column_end":49,"is_primary":true,"text":[{"text":"    container","highlight_start":5,"highlight_end":14},{"text":"        .shorten_command","highlight_start":1,"highlight_end":25},{"text":"        .execute(&input.url)","highlight_start":1,"highlight_end":29},{"text":"        .await","highlight_start":1,"highlight_end":15},{"text":"        .map(|id| Json(ShortUrlResponse { id }))","highlight_start":1,"highlight_end":49}],"label":"expected `Result<Json<ShortUrlResponse>, AppError>`, found `Result<Json<ShortUrlResponse>, String>`","suggested_replacement":null,"suggestion_applicability":null,"expansion":null},{"file_name":"src\\ports\\httpapi\\mod.rs","byte_start":3453,"byte_end":3493,"line_start":109,"line_end":109,"column_start":6,"column_end":46,"is_primary":false,"text":[{"text":") -> Result<Json<ShortUrlResponse>, AppError>","highlight_start":6,"highlight_end":46}],"label":"expected `Result<axum::Json<httpapi::ShortUrlResponse>, AppError>` because of return type","suggested_replacement":null,"suggestion_applicability":null,"expansion":null}],"children":[{"message":"expected enum `Result<_, AppError>`\n   found enum `Result<_, std::string::String>`","code":null,"level":"note","spans":[],"children":[],"rendered":null}],"rendered":"\u001b[1m\u001b[91merror[E0308]\u001b[0m\u001b[1m\u001b[97m: mismatched types\u001b[0m\n   \u001b[1m\u001b[96m--> \u001b[0msrc\\ports\\httpapi\\mod.rs:115:5\n    \u001b[1m\u001b[96m|\u001b[0m\n\u001b[1m\u001b[96m109\u001b[0m \u001b[1m\u001b[96m|\u001b[0m   ) -> Result<Json<ShortUrlResponse>, AppError>\n    \u001b[1m\u001b[96m|\u001b[0m        \u001b[1m\u001b[96m----------------------------------------\u001b[0m \u001b[1m\u001b[96mexpected `Result<axum::Json<httpapi::ShortUrlResponse>, AppError>` because of return type\u001b[0m\n\u001b[1m\u001b[96m...\u001b[0m\n\u001b[1m\u001b[96m115\u001b[0m \u001b[1m\u001b[96m|\u001b[0m \u001b[1m\u001b[91m/\u001b[0m     container\n\u001b[1m\u001b[96m116\u001b[0m \u001b[1m\u001b[96m|\u001b[0m \u001b[1m\u001b[91m|\u001b[0m         .shorten_command\n\u001b[1m\u001b[96m117\u001b[0m \u001b[1m\u001b[96m|\u001b[0m \u001b[1m\u001b[91m|\u001b[0m         .execute(&input.url)\n\u001b[1m\u001b[96m118\u001b[0m \u001b[1m\u001b[96m|\u001b[0m \u001b[1m\u001b[91m|\u001b[0m         .await\n\u001b[1m\u001b[96m119\u001b[0m \u001b[1m\u001b[96m|\u001b[0m \u001b[1m\u001b[91m|\u001b[0m         .map(|id| Json(ShortUrlResponse { id }))\n    \u001b[1m\u001b[96m|\u001b[0m \u001b[1m\u001b[91m|________________________________________________^\u001b[0m \u001b[1m\u001b[91mexpected `Result<Json<ShortUrlResponse>, AppError>`, found `Result<Json<ShortUrlResponse>, String>`\u001b[0m\n    \u001b[1m\u001b[96m|\u001b[0m\n    \u001b[1m\u001b[96m= \u001b[0m\u001b[1m\u001b[97mnote\u001b[0m: expected enum `Result<_, \u001b[1m\u001b[35mAppError\u001b[0m>`\n               found enum `Result<_, \u001b[1m\u001b[35mstd::string::String\u001b[0m>`\n\n"}
{"$message_type":"diagnostic","message":"`Result<std::string::String, std::string::String>` is not a future","code":{"code":"E0277","explanation":"You tried to use a type which doesn't implement some trait in a place which\nexpected that trait.\n\nErroneous code example:\n\n```compile_fail,E0277\n// here we declare the Foo trait with a bar method\ntrait Foo {\n    fn bar(&self);\n}\n\n// we now declare a function which takes an object implementing the Foo trait\nfn some_func<T: Foo>(foo: T) {\n    foo.bar();\n}\n\nfn main() {\n    // we now call the method with the i32 type, which doesn't implement\n    // the Foo trait\n    some_func(5i32); // error: the trait bound `i32 : Foo` is not satisfied\n}\n```\n\nIn order to fix this error, verify that the type you're using does implement\nthe trait. Example:\n\n```\ntrait Foo {\n    fn bar(&self);\n}\n\n// we implement the trait on the i32 type\nimpl Foo for i32 {\n    fn bar(&self) {}\n}\n\nfn some_func<T: Foo>(foo: T) {\n    foo.bar(); // we can now use this method since i32 implements the\n               // Foo trait\n}\n\nfn main() {\n    some_func(5i32); // ok!\n}\n```\n\nOr in a generic context, an erroneous code example would look like:\n\n```compile_fail,E0277\nfn some_func<T>(foo: T) {\n    println!(\"{:?}\", foo); // error: the trait `core::fmt::Debug` is not\n                           //        implemented for the type `T`\n}\n\nfn main() {\n    // We now call the method with the i32 type,\n    // which *does* implement the Debug trait.\n    some_func(5i32);\n}\n```\n\nNote that the error here is in the definition of the generic function. Although\nwe only call it with a parameter that does implement `Debug`, the compiler\nstill rejects the function. It must work with all possible input types. In\norder to make this example compile, we need to restrict the generic type we're\naccepting:\n\n```\nuse std::fmt;\n\n// Restrict the input type to types that implement Debug.\nfn some_func<T: fmt::Debug>(foo: T) {\n    println!(\"{:?}\", foo);\n}\n\nfn main() {\n    // Calling the method is still fine, as i32 implements Debug.\n    some_func(5i32);\n\n    // This would fail to compile now:\n    // struct WithoutDebug;\n    // some_func(WithoutDebug);\n}\n```\n\nRust only looks at the signature of the called function, as such it must\nalready specify all requirements that will be used for every type parameter.\n"},"level":"error","spans":[{"file_name":"src\\ports\\httpapi\\mod.rs","byte_start":4428,"byte_end":4433,"line_start":145,"line_end":145,"column_start":10,"column_end":15,"is_primary":true,"text":[{"text":"        .await","highlight_start":10,"highlight_end":15}],"label":"`Result<std::string::String, std::string::String>` is not a future","suggested_replacement":null,"suggestion_applicability":null,"expansion":{"span":{"file_name":"src\\ports\\httpapi\\mod.rs","byte_start":4428,"byte_end":4433,"line_start":145,"line_end":145,"column_start":10,"column_end":15,"is_primary":false,"text":[{"text":"        .await","highlight_start":10,"highlight_end":15}],"label":null,"suggested_replacement":null,"suggestion_applicability":null,"expansion":null},"macro_decl_name":"desugaring of `await` expression","def_site_span":{"file_name":"src\\main.rs","byte_start":0,"byte_end":0,"line_start":1,"line_end":1,"column_start":1,"column_end":1,"is_primary":false,"text":[],"label":null,"suggested_replacement":null,"suggestion_applicability":null,"expansion":null}}}],"children":[{"message":"the trait `Future` is not implemented for `Result<std::string::String, std::string::String>`","code":null,"level":"help","spans":[],"children":[],"rendered":null},{"message":"Result<std::string::String, std::string::String> must be a future or must implement `IntoFuture` to be awaited","code":null,"level":"note","spans":[],"children":[],"rendered":null},{"message":"required for `Result<std::string::String, std::string::String>` to implement `IntoFuture`","code":null,"level":"note","spans":[],"children":[],"rendered":null},{"message":"remove the `.await`","code":null,"level":"help","spans":[{"file_name":"src\\ports\\httpapi\\mod.rs","byte_start":4427,"byte_end":4433,"line_start":145,"line_end":145,"column_start":9,"column_end":15,"is_primary":true,"text":[{"text":"        .await","highlight_start":9,"highlight_end":15}],"label":null,"suggested_replacement":"","suggestion_applicability":"MachineApplicable","expansion":null}],"children":[],"rendered":null}],"rendered":"\u001b[1m\u001b[91merror[E0277]\u001b[0m\u001b[1m\u001b[97m: `Result<std::string::String, std::string::String>` is not a future\u001b[0m\n   \u001b[1m\u001b[96m--> \u001b[0msrc\\ports\\httpapi\\mod.rs:145:10\n    \u001b[1m\u001b[96m|\u001b[0m\n\u001b[1m\u001b[96m145\u001b[0m \u001b[1m\u001b[96m|\u001b[0m         .await\n    \u001b[1m\u001b[96m|\u001b[0m          \u001b[1m\u001b[91m^^^^^\u001b[0m \u001b[1m\u001b[91m`Result<std::string::String, std::string::String>` is not a future\u001b[0m\n    \u001b[1m\u001b[96m|\u001b[0m\n    \u001b[1m\u001b[96m= \u001b[0m\u001b[1m\u001b[97mhelp\u001b[0m: the trait `Future` is not implemented for `Result<std::string::String, std::string::String>`\n    \u001b[1m\u001b[96m= \u001b[0m\u001b[1m\u001b[97mnote\u001b[0m: Result<std::string::String, std::string::String> must be a future or must implement `IntoFuture` to be awaited\n    \u001b[1m\u001b[96m= \u001b[0m\u001b[1m\u001b[97mnote\u001b[0m: required for `Result<std::string::String, std::string::String>` to implement `IntoFuture`\n\u001b[1m\u001b[96mhelp\u001b[0m: remove the `.await`\n    \u001b[1m\u001b[96m|\u001b[0m\n\u001b[1m\u001b[96m145\u001b[0m \u001b[91m- \u001b[0m        \u001b[91m.await\u001b[0m\n    \u001b[1m\u001b[96m|\u001b[0m\n\n"}
{"$message_type":"diagnostic","message":"type annotations needed","code":{"code":"E0282","explanation":"The compiler could not infer a type and asked for a type annotation.\n\nErroneous code example:\n\n```compile_fail,E0282\nlet x = Vec::new();\n```\n\nThis error indicates that type inference did not result in one unique possible\ntype, and extra information is required. In most cases this can be provided\nby adding a type annotation. Sometimes you need to specify a generic type\nparameter manually.\n\nIn the example above, type `Vec` has a type parameter `T`. When calling\n`Vec::new`, barring any other later usage of the variable `x` that allows the\ncompiler to infer what type `T` is, the compiler needs to be told what it is.\n\nThe type can be specified on the variable:\n\n```\nlet x: Vec<i32> = Vec::new();\n```\n\nThe type can also be specified in the path of the expression:\n\n```\nlet x = Vec::<i32>::new();\n```\n\nIn cases with more complex types, it is not necessary to annotate the full\ntype. Once the ambiguity is resolved, the compiler can infer the rest:\n\n```\nlet x: Vec<_> = \"hello\".chars().rev().collect();\n```\n\nAnother way to provide the compiler with enough information, is to specify the\ngeneric type parameter:\n\n```\nlet x = \"hello\".chars().rev().collect::<Vec<char>>();\n```\n\nAgain, you need not specify the full type if the compiler can infer it:\n\n```\nlet x = \"hello\".chars().rev().collect::<Vec<_>>();\n```\n\nApart from a method or function with a generic type parameter, this error can\noccur when a type parameter of a struct or trait cannot be inferred. In that\ncase it is not always possible to use a type annotation, because all candidates\nhave the same return type. For instance:\n\n```compile_fail,E0282\nstruct Foo<T> {\n    num: T,\n}\n\nimpl<T> Foo<T> {\n    fn bar() -> i32 {\n        0\n    }\n\n    fn baz() {\n        let number = Foo::bar();\n    }\n}\n```\n\nThis will fail because the compiler does not know which instance of `Foo` to\ncall `bar` on. Change `Foo::bar()` to `Foo::<T>::bar()` to resolve the error.\n"},"level":"error","spans":[{"file_name":"src\\ports\\httpapi\\mod.rs","byte_start":4356,"byte_end":4433,"line_start":142,"line_end":145,"column_start":5,"column_end":15,"is_primary":true,"text":[{"text":"    container","highlight_start":5,"highlight_end":14},{"text":"        .get_full_url_query","highlight_start":1,"highlight_end":28},{"text":"        .execute(&id)","highlight_start":1,"highlight_end":22},{"text":"        .await","highlight_start":1,"highlight_end":15}],"label":"cannot infer type","suggested_replacement":null,"suggestion_applicability":null,"expansion":null}],"children":[],"rendered":"\u001b[1m\u001b[91merror[E0282]\u001b[0m\u001b[1m\u001b[97m: type annotations needed\u001b[0m\n   \u001b[1m\u001b[96m--> \u001b[0msrc\\ports\\httpapi\\mod.rs:142:5\n    \u001b[1m\u001b[96m|\u001b[0m\n\u001b[1m\u001b[96m142\u001b[0m \u001b[1m\u001b[96m|\u001b[0m \u001b[1m\u001b[91m/\u001b[0m     container\n\u001b[1m\u001b[96m143\u001b[0m \u001b[1m\u001b[96m|\u001b[0m \u001b[1m\u001b[91m|\u001b[0m         .get_full_url_query\n\u001b[1m\u001b[96m144\u001b[0m \u001b[1m\u001b[96m|\u001b[0m \u001b[1m\u001b[91m|\u001b[0m         .execute(&id)\n\u001b[1m\u001b[96m145\u001b[0m \u001b[1m\u001b[96m|\u001b[0m \u001b[1m\u001b[91m|\u001b[0m         .await\n    \u001b[1m\u001b[96m|\u001b[0m \u001b[1m\u001b[91m|______________^\u001b[0m \u001b[1m\u001b[91mcannot infer type\u001b[0m\n\n"}
{"$message_type":"diagnostic","message":"no method named `oneshot` found for struct `axum::Router<S>` in the current scope","code":{"code":"E0599","explanation":"This error occurs when a method is used on a type which doesn't implement it:\n\nErroneous code example:\n\n```compile_fail,E0599\nstruct Mouth;\n\nlet x = Mouth;\nx.chocolate(); // error: no method named `chocolate` found for type `Mouth`\n               //        in the current scope\n```\n\nIn this case, you need to implement the `chocolate` method to fix the error:\n\n```\nstruct Mouth;\n\nimpl Mouth {\n    fn chocolate(&self) { // We implement the `chocolate` method here.\n        println!(\"Hmmm! I love chocolate!\");\n    }\n}\n\nlet x = Mouth;\nx.chocolate(); // ok!\n```\n"},"level":"error","spans":[{"file_name":"src\\ports\\httpapi\\mod.rs","byte_start":5430,"byte_end":5451,"line_start":181,"line_end":182,"column_start":24,"column_end":14,"is_primary":false,"text":[{"text":"        let response = router","highlight_start":24,"highlight_end":30},{"text":"            .oneshot(","highlight_start":1,"highlight_end":14}],"label":"","suggested_replacement":null,"suggestion_applicability":null,"expansion":null},{"file_name":"C:\\Users\\Admin\\.cargo\\registry\\src\\index.crates.io-1949cf8c6b5b557f\\tower-0.5.3\\src\\util\\mod.rs","byte_start":2269,"byte_end":2276,"line_start":89,"line_end":89,"column_start":8,"column_end":15,"is_primary":false,"text":[{"text":"    fn oneshot(self, req: Request) -> Oneshot<Self, Request>","highlight_start":8,"highlight_end":15}],"label":"the method is available for `axum::Router` here","suggested_replacement":null,"suggestion_applicability":null,"expansion":null},{"file_name":"src\\ports\\httpapi\\mod.rs","byte_start":5451,"byte_end":5458,"line_start":182,"line_end":182,"column_start":14,"column_end":21,"is_primary":true,"text":[{"text":"            .oneshot(","highlight_start":14,"highlight_end":21}],"label":null,"suggested_replacement":null,"suggestion_applicability":null,"expansion":null}],"children":[{"message":"items from traits can only be used if the trait is in scope","code":null,"level":"help","spans":[],"children":[],"rendered":null},{"message":"there is a method `nest` with a similar name, but with different arguments","code":null,"level":"help","spans":[{"file_name":"C:\\Users\\Admin\\.cargo\\registry\\src\\index.crates.io-1949cf8c6b5b557f\\axum-0.7.9\\src\\routing\\mod.rs","byte_start":5508,"byte_end":5564,"line_start":195,"line_end":195,"column_start":5,"column_end":61,"is_primary":true,"text":[{"text":"    pub fn nest(self, path: &str, router: Router<S>) -> Self {","highlight_start":5,"highlight_end":61}],"label":null,"suggested_replacement":null,"suggestion_applicability":null,"expansion":null}],"children":[],"rendered":null},{"message":"trait `ServiceExt` which provides `oneshot` is implemented but not in scope; perhaps you want to import it","code":null,"level":"help","spans":[{"file_name":"src\\ports\\httpapi\\mod.rs","byte_start":4525,"byte_end":4525,"line_start":151,"line_end":151,"column_start":5,"column_end":5,"is_primary":true,"text":[{"text":"    use axum::{body::Body, http};","highlight_start":5,"highlight_end":5}],"label":null,"suggested_replacement":"use tower::util::ServiceExt;\n","suggestion_applicability":"MaybeIncorrect","expansion":null}],"children":[],"rendered":null}],"rendered":"\u001b[1m\u001b[91merror[E0599]\u001b[0m\u001b[1m\u001b[97m: no method named `oneshot` found for struct `axum::Router<S>` in the current scope\u001b[0m\n   \u001b[1m\u001b[96m--> \u001b[0msrc\\ports\\httpapi\\mod.rs:182:14\n    \u001b[1m\u001b[96m|\u001b[0m\n\u001b[1m\u001b[96m181\u001b[0m \u001b[1m\u001b[96m|\u001b[0m           let response = router\n    \u001b[1m\u001b[96m|\u001b[0m \u001b[1m\u001b[96m ________________________-\u001b[0m\n\u001b[1m\u001b[96m182\u001b[0m \u001b[1m\u001b[96m|\u001b[0m \u001b[1m\u001b[96m|\u001b[0m             .oneshot(\n    \u001b[1m\u001b[96m|\u001b[0m \u001b[1m\u001b[96m|_____________-\u001b[0m\u001b[1m\u001b[91m^^^^^^^\u001b[0m\n    \u001b[1m\u001b[96m|\u001b[0m\n   \u001b[1m\u001b[96m::: \u001b[0mC:\\Users\\Admin\\.cargo\\registry\\src\\index.crates.io-1949cf8c6b5b557f\\tower-0.5.3\\src\\util\\mod.rs:89:8\n    \u001b[1m\u001b[96m|\u001b[0m\n \u001b[1m\u001b[96m89\u001b[0m \u001b[1m\u001b[96m|\u001b[0m       fn oneshot(self, req: Request) -> Oneshot<Self, Request>\n    \u001b[1m\u001b[96m|\u001b[0m          \u001b[1m\u001b[96m-------\u001b[0m \u001b[1m\u001b[96mthe method is available for `axum::Router` here\u001b[0m\n    \u001b[1m\u001b[96m|\u001b[0m\n    \u001b[1m\u001b[96m= \u001b[0m\u001b[1m\u001b[97mhelp\u001b[0m: items from traits can only be used if the trait is in scope\n\u001b[1m\u001b[96mhelp\u001b[0m: there is a method `nest` with a similar name, but with different arguments\n   \u001b[1m\u001b[96m--> \u001b[0mC:\\Users\\Admin\\.cargo\\registry\\src\\index.crates.io-1949cf8c6b5b557f\\axum-0.7.9\\src\\routing\\mod.rs:195:5\n    \u001b[1m\u001b[96m|\u001b[0m\n\u001b[1m\u001b[96m195\u001b[0m \u001b[1m\u001b[96m|\u001b[0m     pub fn nest(self, path: &str, router: Router<S>) -> Self {\n    \u001b[1m\u001b[96m|\u001b[0m     \u001b[1m\u001b[96m^^^^^^^^^^^^^^^^^^^^^^^^^^^^^^^^^^^^^^^^^^^^^^^^^^^^^^^^\u001b[0m\n\u001b[1m\u001b[96mhelp\u001b[0m: trait `ServiceExt` which provides `oneshot` is implemented but not in scope; perhaps you want to import it\n    \u001b[1m\u001b[96m|\u001b[0m\n\u001b[1m\u001b[96m151\u001b[0m \u001b[92m+ \u001b[0m    \u001b[92muse tower::util::ServiceExt;\u001b[0m\n    \u001b[1m\u001b[96m|\u001b[0m\n\n"}
{"$message_type":"diagnostic","message":"type annotations needed","code":{"code":"E0282","explanation":"The compiler could not infer a type and asked for a type annotation.\n\nErroneous code example:\n\n```compile_fail,E0282\nlet x = Vec::new();\n```\n\nThis error indicates that type inference did not result in one unique possible\ntype, and extra information is required. In most cases this can be provided\nby adding a type annotation. Sometimes you need to specify a generic type\nparameter manually.\n\nIn the example above, type `Vec` has a type parameter `T`. When calling\n`Vec::new`, barring any other later usage of the variable `x` that allows the\ncompiler to infer what type `T` is, the compiler needs to be told what it is.\n\nThe type can be specified on the variable:\n\n```\nlet x: Vec<i32> = Vec::new();\n```\n\nThe type can also be specified in the path of the expression:\n\n```\nlet x = Vec::<i32>::new();\n```\n\nIn cases with more complex types, it is not necessary to annotate the full\ntype. Once the ambiguity is resolved, the compiler can infer the rest:\n\n```\nlet x: Vec<_> = \"hello\".chars().rev().collect();\n```\n\nAnother way to provide the compiler with enough information, is to specify the\ngeneric type parameter:\n\n```\nlet x = \"hello\".chars().rev().collect::<Vec<char>>();\n```\n\nAgain, you need not specify the full type if the compiler can infer it:\n\n```\nlet x = \"hello\".chars().rev().collect::<Vec<_>>();\n```\n\nApart from a method or function with a generic type parameter, this error can\noccur when a type parameter of a struct or trait cannot be inferred. In that\ncase it is not always possible to use a type annotation, because all candidates\nhave the same return type. For instance:\n\n```compile_fail,E0282\nstruct Foo<T> {\n    num: T,\n}\n\nimpl<T> Foo<T> {\n    fn bar() -> i32 {\n        0\n    }\n\n    fn baz() {\n        let number = Foo::bar();\n    }\n}\n```\n\nThis will fail because the compiler does not know which instance of `Foo` to\ncall `bar` on. Change `Foo::bar()` to `Foo::<T>::bar()` to resolve the error.\n"},"level":"error","spans":[{"file_name":"src\\ports\\httpapi\\mod.rs","byte_start":5430,"byte_end":5648,"line_start":181,"line_end":188,"column_start":24,"column_end":19,"is_primary":true,"text":[{"text":"        let response = router","highlight_start":24,"highlight_end":30},{"text":"            .oneshot(","highlight_start":1,"highlight_end":22},{"text":"                http::Request::builder()","highlight_start":1,"highlight_end":41},{"text":"                    .uri(\"/test-id\")","highlight_start":1,"highlight_end":37},{"text":"                    .body(Body::empty())","highlight_start":1,"highlight_end":41},{"text":"                    .unwrap(),","highlight_start":1,"highlight_end":31},{"text":"            )","highlight_start":1,"highlight_end":14},{"text":"            .await","highlight_start":1,"highlight_end":19}],"label":"cannot infer type","suggested_replacement":null,"suggestion_applicability":null,"expansion":null}],"children":[],"rendered":"\u001b[1m\u001b[91merror[E0282]\u001b[0m\u001b[1m\u001b[97m: type annotations needed\u001b[0m\n   \u001b[1m\u001b[96m--> \u001b[0msrc\\ports\\httpapi\\mod.rs:181:24\n    \u001b[1m\u001b[96m|\u001b[0m\n\u001b[1m\u001b[96m181\u001b[0m \u001b[1m\u001b[96m|\u001b[0m           let response = router\n    \u001b[1m\u001b[96m|\u001b[0m \u001b[1m\u001b[91m ________________________^\u001b[0m\n\u001b[1m\u001b[96m182\u001b[0m \u001b[1m\u001b[96m|\u001b[0m \u001b[1m\u001b[91m|\u001b[0m             .oneshot(\n\u001b[1m\u001b[96m183\u001b[0m \u001b[1m\u001b[96m|\u001b[0m \u001b[1m\u001b[91m|\u001b[0m                 http::Request::builder()\n\u001b[1m\u001b[96m184\u001b[0m \u001b[1m\u001b[96m|\u001b[0m \u001b[1m\u001b[91m|\u001b[0m                     .uri(\"/test-id\")\n\u001b[1m\u001b[96m...\u001b[0m   \u001b[1m\u001b[91m|\u001b[0m\n\u001b[1m\u001b[96m188\u001b[0m \u001b[1m\u001b[96m|\u001b[0m \u001b[1m\u001b[91m|\u001b[0m             .await\n    \u001b[1m\u001b[96m|\u001b[0m \u001b[1m\u001b[91m|__________________^\u001b[0m \u001b[1m\u001b[91mcannot infer type\u001b[0m\n\n"}
{"$message_type":"diagnostic","message":"type annotations needed","code":{"code":"E0282","explanation":"The compiler could not infer a type and asked for a type annotation.\n\nErroneous code example:\n\n```compile_fail,E0282\nlet x = Vec::new();\n```\n\nThis error indicates that type inference did not result in one unique possible\ntype, and extra information is required. In most cases this can be provided\nby adding a type annotation. Sometimes you need to specify a generic type\nparameter manually.\n\nIn the example above, type `Vec` has a type parameter `T`. When calling\n`Vec::new`, barring any other later usage of the variable `x` that allows the\ncompiler to infer what type `T` is, the compiler needs to be told what it is.\n\nThe type can be specified on the variable:\n\n```\nlet x: Vec<i32> = Vec::new();\n```\n\nThe type can also be specified in the path of the expression:\n\n```\nlet x = Vec::<i32>::new();\n```\n\nIn cases with more complex types, it is not necessary to annotate the full\ntype. Once the ambiguity is resolved, the compiler can infer the rest:\n\n```\nlet x: Vec<_> = \"hello\".chars().rev().collect();\n```\n\nAnother way to provide the compiler with enough information, is to specify the\ngeneric type parameter:\n\n```\nlet x = \"hello\".chars().rev().collect::<Vec<char>>();\n```\n\nAgain, you need not specify the full type if the compiler can infer it:\n\n```\nlet x = \"hello\".chars().rev().collect::<Vec<_>>();\n```\n\nApart from a method or function with a generic type parameter, this error can\noccur when a type parameter of a struct or trait cannot be inferred. In that\ncase it is not always possible to use a type annotation, because all candidates\nhave the same return type. For instance:\n\n```compile_fail,E0282\nstruct Foo<T> {\n    num: T,\n}\n\nimpl<T> Foo<T> {\n    fn bar() -> i32 {\n        0\n    }\n\n    fn baz() {\n        let number = Foo::bar();\n    }\n}\n```\n\nThis will fail because the compiler does not know which instance of `Foo` to\ncall `bar` on. Change `Foo::bar()` to `Foo::<T>::bar()` to resolve the error.\n"},"level":"error","spans":[{"file_name":"src\\ports\\httpapi\\mod.rs","byte_start":5776,"byte_end":5812,"line_start":194,"line_end":194,"column_start":20,"column_end":56,"is_primary":true,"text":[{"text":"        let body = response.into_body().collect().await.unwrap().to_bytes();","highlight_start":20,"highlight_end":56}],"label":"cannot infer type","suggested_replacement":null,"suggestion_applicability":null,"expansion":null}],"children":[],"rendered":"\u001b[1m\u001b[91merror[E0282]\u001b[0m\u001b[1m\u001b[97m: type annotations needed\u001b[0m\n   \u001b[1m\u001b[96m--> \u001b[0msrc\\ports\\httpapi\\mod.rs:194:20\n    \u001b[1m\u001b[96m|\u001b[0m\n\u001b[1m\u001b[96m194\u001b[0m \u001b[1m\u001b[96m|\u001b[0m         let body = response.into_body().collect().await.unwrap().to_bytes();\n    \u001b[1m\u001b[96m|\u001b[0m                    \u001b[1m\u001b[91m^^^^^^^^^^^^^^^^^^^^^^^^^^^^^^^^^^^^\u001b[0m \u001b[1m\u001b[91mcannot infer type\u001b[0m\n\n"}
{"$message_type":"diagnostic","message":"no method named `oneshot` found for struct `axum::Router<S>` in the current scope","code":{"code":"E0599","explanation":"This error occurs when a method is used on a type which doesn't implement it:\n\nErroneous code example:\n\n```compile_fail,E0599\nstruct Mouth;\n\nlet x = Mouth;\nx.chocolate(); // error: no method named `chocolate` found for type `Mouth`\n               //        in the current scope\n```\n\nIn this case, you need to implement the `chocolate` method to fix the error:\n\n```\nstruct Mouth;\n\nimpl Mouth {\n    fn chocolate(&self) { // We implement the `chocolate` method here.\n        println!(\"Hmmm! I love chocolate!\");\n    }\n}\n\nlet x = Mouth;\nx.chocolate(); // ok!\n```\n"},"level":"error","spans":[{"file_name":"src\\ports\\httpapi\\mod.rs","byte_start":6132,"byte_end":6153,"line_start":205,"line_end":206,"column_start":24,"column_end":14,"is_primary":false,"text":[{"text":"        let response = router","highlight_start":24,"highlight_end":30},{"text":"            .oneshot(","highlight_start":1,"highlight_end":14}],"label":"","suggested_replacement":null,"suggestion_applicability":null,"expansion":null},{"file_name":"C:\\Users\\Admin\\.cargo\\registry\\src\\index.crates.io-1949cf8c6b5b557f\\tower-0.5.3\\src\\util\\mod.rs","byte_start":2269,"byte_end":2276,"line_start":89,"line_end":89,"column_start":8,"column_end":15,"is_primary":false,"text":[{"text":"    fn oneshot(self, req: Request) -> Oneshot<Self, Request>","highlight_start":8,"highlight_end":15}],"label":"the method is available for `axum::Router` here","suggested_replacement":null,"suggestion_applicability":null,"expansion":null},{"file_name":"src\\ports\\httpapi\\mod.rs","byte_start":6153,"byte_end":6160,"line_start":206,"line_end":206,"column_start":14,"column_end":21,"is_primary":true,"text":[{"text":"            .oneshot(","highlight_start":14,"highlight_end":21}],"label":null,"suggested_replacement":null,"suggestion_applicability":null,"expansion":null}],"children":[{"message":"items from traits can only be used if the trait is in scope","code":null,"level":"help","spans":[],"children":[],"rendered":null},{"message":"there is a method `nest` with a similar name, but with different arguments","code":null,"level":"help","spans":[{"file_name":"C:\\Users\\Admin\\.cargo\\registry\\src\\index.crates.io-1949cf8c6b5b557f\\axum-0.7.9\\src\\routing\\mod.rs","byte_start":5508,"byte_end":5564,"line_start":195,"line_end":195,"column_start":5,"column_end":61,"is_primary":true,"text":[{"text":"    pub fn nest(self, path: &str, router: Router<S>) -> Self {","highlight_start":5,"highlight_end":61}],"label":null,"suggested_replacement":null,"suggestion_applicability":null,"expansion":null}],"children":[],"rendered":null},{"message":"trait `ServiceExt` which provides `oneshot` is implemented but not in scope; perhaps you want to import it","code":null,"level":"help","spans":[{"file_name":"src\\ports\\httpapi\\mod.rs","byte_start":4525,"byte_end":4525,"line_start":151,"line_end":151,"column_start":5,"column_end":5,"is_primary":true,"text":[{"text":"    use axum::{body::Body, http};","highlight_start":5,"highlight_end":5}],"label":null,"suggested_replacement":"use tower::util::ServiceExt;\n","suggestion_applicability":"MaybeIncorrect","expansion":null}],"children":[],"rendered":null}],"rendered":"\u001b[1m\u001b[91merror[E0599]\u001b[0m\u001b[1m\u001b[97m: no method named `oneshot` found for struct `axum::Router<S>` in the current scope\u001b[0m\n   \u001b[1m\u001b[96m--> \u001b[0msrc\\ports\\httpapi\\mod.rs:206:14\n    \u001b[1m\u001b[96m|\u001b[0m\n\u001b[1m\u001b[96m205\u001b[0m \u001b[1m\u001b[96m|\u001b[0m           let response = router\n    \u001b[1m\u001b[96m|\u001b[0m \u001b[1m\u001b[96m ________________________-\u001b[0m\n\u001b[1m\u001b[96m206\u001b[0m \u001b[1m\u001b[96m|\u001b[0m \u001b[1m\u001b[96m|\u001b[0m             .oneshot(\n    \u001b[1m\u001b[96m|\u001b[0m \u001b[1m\u001b[96m|_____________-\u001b[0m\u001b[1m\u001b[91m^^^^^^^\u001b[0m\n    \u001b[1m\u001b[96m|\u001b[0m\n   \u001b[1m\u001b[96m::: \u001b[0mC:\\Users\\Admin\\.cargo\\registry\\src\\index.crates.io-1949cf8c6b5b557f\\tower-0.5.3\\src\\util\\mod.rs:89:8\n    \u001b[1m\u001b[96m|\u001b[0m\n \u001b[1m\u001b[96m89\u001b[0m \u001b[1m\u001b[96m|\u001b[0m       fn oneshot(self, req: Request) -> Oneshot<Self, Request>\n    \u001b[1m\u001b[96m|\u001b[0m          \u001b[1m\u001b[96m-------\u001b[0m \u001b[1m\u001b[96mthe method is available for `axum::Router` here\u001b[0m\n    \u001b[1m\u001b[96m|\u001b[0m\n    \u001b[1m\u001b[96m= \u001b[0m\u001b[1m\u001b[97mhelp\u001b[0m: items from traits can only be used if the trait is in scope\n\u001b[1m\u001b[96mhelp\u001b[0m: there is a method `nest` with a similar name, but with different arguments\n   \u001b[1m\u001b[96m--> \u001b[0mC:\\Users\\Admin\\.cargo\\registry\\src\\index.crates.io-1949cf8c6b5b557f\\axum-0.7.9\\src\\routing\\mod.rs:195:5\n    \u001b[1m\u001b[96m|\u001b[0m\n\u001b[1m\u001b[96m195\u001b[0m \u001b[1m\u001b[96m|\u001b[0m     pub fn nest(self, path: &str, router: Router<S>) -> Self {\n    \u001b[1m\u001b[96m|\u001b[0m     \u001b[1m\u001b[96m^^^^^^^^^^^^^^^^^^^^^^^^^^^^^^^^^^^^^^^^^^^^^^^^^^^^^^^^\u001b[0m\n\u001b[1m\u001b[96mhelp\u001b[0m: trait `ServiceExt` which provides `oneshot` is implemented but not in scope; perhaps you want to import it\n    \u001b[1m\u001b[96m|\u001b[0m\n\u001b[1m\u001b[96m151\u001b[0m \u001b[92m+ \u001b[0m    \u001b[92muse tower::util::ServiceExt;\u001b[0m\n    \u001b[1m\u001b[96m|\u001b[0m\n\n"}
{"$message_type":"diagnostic","message":"type annotations needed","code":{"code":"E0282","explanation":"The compiler could not infer a type and asked for a type annotation.\n\nErroneous code example:\n\n```compile_fail,E0282\nlet x = Vec::new();\n```\n\nThis error indicates that type inference did not result in one unique possible\ntype, and extra information is required. In most cases this can be provided\nby adding a type annotation. Sometimes you need to specify a generic type\nparameter manually.\n\nIn the example above, type `Vec` has a type parameter `T`. When calling\n`Vec::new`, barring any other later usage of the variable `x` that allows the\ncompiler to infer what type `T` is, the compiler needs to be told what it is.\n\nThe type can be specified on the variable:\n\n```\nlet x: Vec<i32> = Vec::new();\n```\n\nThe type can also be specified in the path of the expression:\n\n```\nlet x = Vec::<i32>::new();\n```\n\nIn cases with more complex types, it is not necessary to annotate the full\ntype. Once the ambiguity is resolved, the compiler can infer the rest:\n\n```\nlet x: Vec<_> = \"hello\".chars().rev().collect();\n```\n\nAnother way to provide the compiler with enough information, is to specify the\ngeneric type parameter:\n\n```\nlet x = \"hello\".chars().rev().collect::<Vec<char>>();\n```\n\nAgain, you need not specify the full type if the compiler can infer it:\n\n```\nlet x = \"hello\".chars().rev().collect::<Vec<_>>();\n```\n\nApart from a method or function with a generic type parameter, this error can\noccur when a type parameter of a struct or trait cannot be inferred. In that\ncase it is not always possible to use a type annotation, because all candidates\nhave the same return type. For instance:\n\n```compile_fail,E0282\nstruct Foo<T> {\n    num: T,\n}\n\nimpl<T> Foo<T> {\n    fn bar() -> i32 {\n        0\n    }\n\n    fn baz() {\n        let number = Foo::bar();\n    }\n}\n```\n\nThis will fail because the compiler does not know which instance of `Foo` to\ncall `bar` on. Change `Foo::bar()` to `Foo::<T>::bar()` to resolve the error.\n"},"level":"error","spans":[{"file_name":"src\\ports\\httpapi\\mod.rs","byte_start":6132,"byte_end":6352,"line_start":205,"line_end":212,"column_start":24,"column_end":19,"is_primary":true,"text":[{"text":"        let response = router","highlight_start":24,"highlight_end":30},{"text":"            .oneshot(","highlight_start":1,"highlight_end":22},{"text":"                http::Request::builder()","highlight_start":1,"highlight_end":41},{"text":"                    .uri(\"/not-found\")","highlight_start":1,"highlight_end":39},{"text":"                    .body(Body::empty())","highlight_start":1,"highlight_end":41},{"text":"                    .unwrap(),","highlight_start":1,"highlight_end":31},{"text":"            )","highlight_start":1,"highlight_end":14},{"text":"            .await","highlight_start":1,"highlight_end":19}],"label":"cannot infer type","suggested_replacement":null,"suggestion_applicability":null,"expansion":null}],"children":[],"rendered":"\u001b[1m\u001b[91merror[E0282]\u001b[0m\u001b[1m\u001b[97m: type annotations needed\u001b[0m\n   \u001b[1m\u001b[96m--> \u001b[0msrc\\ports\\httpapi\\mod.rs:205:24\n    \u001b[1m\u001b[96m|\u001b[0m\n\u001b[1m\u001b[96m205\u001b[0m \u001b[1m\u001b[96m|\u001b[0m           let response = router\n    \u001b[1m\u001b[96m|\u001b[0m \u001b[1m\u001b[91m ________________________^\u001b[0m\n\u001b[1m\u001b[96m206\u001b[0m \u001b[1m\u001b[96m|\u001b[0m \u001b[1m\u001b[91m|\u001b[0m             .oneshot(\n\u001b[1m\u001b[96m207\u001b[0m \u001b[1m\u001b[96m|\u001b[0m \u001b[1m\u001b[91m|\u001b[0m                 http::Request::builder()\n\u001b[1m\u001b[96m208\u001b[0m \u001b[1m\u001b[96m|\u001b[0m \u001b[1m\u001b[91m|\u001b[0m                     .uri(\"/not-found\")\n\u001b[1m\u001b[96m...\u001b[0m   \u001b[1m\u001b[91m|\u001b[0m\n\u001b[1m\u001b[96m212\u001b[0m \u001b[1m\u001b[96m|\u001b[0m \u001b[1m\u001b[91m|\u001b[0m             .await\n    \u001b[1m\u001b[96m|\u001b[0m \u001b[1m\u001b[91m|__________________^\u001b[0m \u001b[1m\u001b[91mcannot infer type\u001b[0m\n\n"}
{"$message_type":"diagnostic","message":"type annotations needed","code":{"code":"E0282","explanation":"The compiler could not infer a type and asked for a type annotation.\n\nErroneous code example:\n\n```compile_fail,E0282\nlet x = Vec::new();\n```\n\nThis error indicates that type inference did not result in one unique possible\ntype, and extra information is required. In most cases this can be provided\nby adding a type annotation. Sometimes you need to specify a generic type\nparameter manually.\n\nIn the example above, type `Vec` has a type parameter `T`. When calling\n`Vec::new`, barring any other later usage of the variable `x` that allows the\ncompiler to infer what type `T` is, the compiler needs to be told what it is.\n\nThe type can be specified on the variable:\n\n```\nlet x: Vec<i32> = Vec::new();\n```\n\nThe type can also be specified in the path of the expression:\n\n```\nlet x = Vec::<i32>::new();\n```\n\nIn cases with more complex types, it is not necessary to annotate the full\ntype. Once the ambiguity is resolved, the compiler can infer the rest:\n\n```\nlet x: Vec<_> = \"hello\".chars().rev().collect();\n```\n\nAnother way to provide the compiler with enough information, is to specify the\ngeneric type parameter:\n\n```\nlet x = \"hello\".chars().rev().collect::<Vec<char>>();\n```\n\nAgain, you need not specify the full type if the compiler can infer it:\n\n```\nlet x = \"hello\".chars().rev().collect::<Vec<_>>();\n```\n\nApart from a method or function with a generic type parameter, this error can\noccur when a type parameter of a struct or trait cannot be inferred. In that\ncase it is not always possible to use a type annotation, because all candidates\nhave the same return type. For instance:\n\n```compile_fail,E0282\nstruct Foo<T> {\n    num: T,\n}\n\nimpl<T> Foo<T> {\n    fn bar() -> i32 {\n        0\n    }\n\n    fn baz() {\n        let number = Foo::bar();\n    }\n}\n```\n\nThis will fail because the compiler does not know which instance of `Foo` to\ncall `bar` on. Change `Foo::bar()` to `Foo::<T>::bar()` to resolve the error.\n"},"level":"error","spans":[{"file_name":"src\\ports\\httpapi\\mod.rs","byte_start":6487,"byte_end":6523,"line_start":218,"line_end":218,"column_start":20,"column_end":56,"is_primary":true,"text":[{"text":"        let body = response.into_body().collect().await.unwrap().to_bytes();","highlight_start":20,"highlight_end":56}],"label":"cannot infer type","suggested_replacement":null,"suggestion_applicability":null,"expansion":null}],"children":[],"rendered":"\u001b[1m\u001b[91merror[E0282]\u001b[0m\u001b[1m\u001b[97m: type annotations needed\u001b[0m\n   \u001b[1m\u001b[96m--> \u001b[0msrc\\ports\\httpapi\\mod.rs:218:20\n    \u001b[1m\u001b[96m|\u001b[0m\n\u001b[1m\u001b[96m218\u001b[0m \u001b[1m\u001b[96m|\u001b[0m         let body = response.into_body().collect().await.unwrap().to_bytes();\n    \u001b[1m\u001b[96m|\u001b[0m                    \u001b[1m\u001b[91m^^^^^^^^^^^^^^^^^^^^^^^^^^^^^^^^^^^^\u001b[0m \u001b[1m\u001b[91mcannot infer type\u001b[0m\n\n"}
{"$message_type":"diagnostic","message":"no method named `oneshot` found for struct `axum::Router<S>` in the current scope","code":{"code":"E0599","explanation":"This error occurs when a method is used on a type which doesn't implement it:\n\nErroneous code example:\n\n```compile_fail,E0599\nstruct Mouth;\n\nlet x = Mouth;\nx.chocolate(); // error: no method named `chocolate` found for type `Mouth`\n               //        in the current scope\n```\n\nIn this case, you need to implement the `chocolate` method to fix the error:\n\n```\nstruct Mouth;\n\nimpl Mouth {\n    fn chocolate(&self) { // We implement the `chocolate` method here.\n        println!(\"Hmmm! I love chocolate!\");\n    }\n}\n\nlet x = Mouth;\nx.chocolate(); // ok!\n```\n"},"level":"error","spans":[{"file_name":"src\\ports\\httpapi\\mod.rs","byte_start":6854,"byte_end":6875,"line_start":229,"line_end":230,"column_start":24,"column_end":14,"is_primary":false,"text":[{"text":"        let response = router","highlight_start":24,"highlight_end":30},{"text":"            .oneshot(","highlight_start":1,"highlight_end":14}],"label":"","suggested_replacement":null,"suggestion_applicability":null,"expansion":null},{"file_name":"C:\\Users\\Admin\\.cargo\\registry\\src\\index.crates.io-1949cf8c6b5b557f\\tower-0.5.3\\src\\util\\mod.rs","byte_start":2269,"byte_end":2276,"line_start":89,"line_end":89,"column_start":8,"column_end":15,"is_primary":false,"text":[{"text":"    fn oneshot(self, req: Request) -> Oneshot<Self, Request>","highlight_start":8,"highlight_end":15}],"label":"the method is available for `axum::Router` here","suggested_replacement":null,"suggestion_applicability":null,"expansion":null},{"file_name":"src\\ports\\httpapi\\mod.rs","byte_start":6875,"byte_end":6882,"line_start":230,"line_end":230,"column_start":14,"column_end":21,"is_primary":true,"text":[{"text":"            .oneshot(","highlight_start":14,"highlight_end":21}],"label":null,"suggested_replacement":null,"suggestion_applicability":null,"expansion":null}],"children":[{"message":"items from traits can only be used if the trait is in scope","code":null,"level":"help","spans":[],"children":[],"rendered":null},{"message":"there is a method `nest` with a similar name, but with different arguments","code":null,"level":"help","spans":[{"file_name":"C:\\Users\\Admin\\.cargo\\registry\\src\\index.crates.io-1949cf8c6b5b557f\\axum-0.7.9\\src\\routing\\mod.rs","byte_start":5508,"byte_end":5564,"line_start":195,"line_end":195,"column_start":5,"column_end":61,"is_primary":true,"text":[{"text":"    pub fn nest(self, path: &str, router: Router<S>) -> Self {","highlight_start":5,"highlight_end":61}],"label":null,"suggested_replacement":null,"suggestion_applicability":null,"expansion":null}],"children":[],"rendered":null},{"message":"trait `ServiceExt` which provides `oneshot` is implemented but not in scope; perhaps you want to import it","code":null,"level":"help","spans":[{"file_name":"src\\ports\\httpapi\\mod.rs","byte_start":4525,"byte_end":4525,"line_start":151,"line_end":151,"column_start":5,"column_end":5,"is_primary":true,"text":[{"text":"    use axum::{body::Body, http};","highlight_start":5,"highlight_end":5}],"label":null,"suggested_replacement":"use tower::util::ServiceExt;\n","suggestion_applicability":"MaybeIncorrect","expansion":null}],"children":[],"rendered":null}],"rendered":"\u001b[1m\u001b[91merror[E0599]\u001b[0m\u001b[1m\u001b[97m: no method named `oneshot` found for struct `axum::Router<S>` in the current scope\u001b[0m\n   \u001b[1m\u001b[96m--> \u001b[0msrc\\ports\\httpapi\\mod.rs:230:14\n    \u001b[1m\u001b[96m|\u001b[0m\n\u001b[1m\u001b[96m229\u001b[0m \u001b[1m\u001b[96m|\u001b[0m           let response = router\n    \u001b[1m\u001b[96m|\u001b[0m \u001b[1m\u001b[96m ________________________-\u001b[0m\n\u001b[1m\u001b[96m230\u001b[0m \u001b[1m\u001b[96m|\u001b[0m \u001b[1m\u001b[96m|\u001b[0m             .oneshot(\n    \u001b[1m\u001b[96m|\u001b[0m \u001b[1m\u001b[96m|_____________-\u001b[0m\u001b[1m\u001b[91m^^^^^^^\u001b[0m\n    \u001b[1m\u001b[96m|\u001b[0m\n   \u001b[1m\u001b[96m::: \u001b[0mC:\\Users\\Admin\\.cargo\\registry\\src\\index.crates.io-1949cf8c6b5b557f\\tower-0.5.3\\src\\util\\mod.rs:89:8\n    \u001b[1m\u001b[96m|\u001b[0m\n \u001b[1m\u001b[96m89\u001b[0m \u001b[1m\u001b[96m|\u001b[0m       fn oneshot(self, req: Request) -> Oneshot<Self, Request>\n    \u001b[1m\u001b[96m|\u001b[0m          \u001b[1m\u001b[96m-------\u001b[0m \u001b[1m\u001b[96mthe method is available for `axum::Router` here\u001b[0m\n    \u001b[1m\u001b[96m|\u001b[0m\n    \u001b[1m\u001b[96m= \u001b[0m\u001b[1m\u001b[97mhelp\u001b[0m: items from traits can only be used if the trait is in scope\n\u001b[1m\u001b[96mhelp\u001b[0m: there is a method `nest` with a similar name, but with different arguments\n   \u001b[1m\u001b[96m--> \u001b[0mC:\\Users\\Admin\\.cargo\\registry\\src\\index.crates.io-1949cf8c6b5b557f\\axum-0.7.9\\src\\routing\\mod.rs:195:5\n    \u001b[1m\u001b[96m|\u001b[0m\n\u001b[1m\u001b[96m195\u001b[0m \u001b[1m\u001b[96m|\u001b[0m     pub fn nest(self, path: &str, router: Router<S>) -> Self {\n    \u001b[1m\u001b[96m|\u001b[0m     \u001b[1m\u001b[96m^^^^^^^^^^^^^^^^^^^^^^^^^^^^^^^^^^^^^^^^^^^^^^^^^^^^^^^^\u001b[0m\n\u001b[1m\u001b[96mhelp\u001b[0m: trait `ServiceExt` which provides `oneshot` is implemented but not in scope; perhaps you want to import it\n    \u001b[1m\u001b[96m|\u001b[0m\n\u001b[1m\u001b[96m151\u001b[0m \u001b[92m+ \u001b[0m    \u001b[92muse tower::util::ServiceExt;\u001b[0m\n    \u001b[1m\u001b[96m|\u001b[0m\n\n"}
{"$message_type":"diagnostic","message":"type annotations needed","code":{"code":"E0282","explanation":"The compiler could not infer a type and asked for a type annotation.\n\nErroneous code example:\n\n```compile_fail,E0282\nlet x = Vec::new();\n```\n\nThis error indicates that type inference did not result in one unique possible\ntype, and extra information is required. In most cases this can be provided\nby adding a type annotation. Sometimes you need to specify a generic type\nparameter manually.\n\nIn the example above, type `Vec` has a type parameter `T`. When calling\n`Vec::new`, barring any other later usage of the variable `x` that allows the\ncompiler to infer what type `T` is, the compiler needs to be told what it is.\n\nThe type can be specified on the variable:\n\n```\nlet x: Vec<i32> = Vec::new();\n```\n\nThe type can also be specified in the path of the expression:\n\n```\nlet x = Vec::<i32>::new();\n```\n\nIn cases with more complex types, it is not necessary to annotate the full\ntype. Once the ambiguity is resolved, the compiler can infer the rest:\n\n```\nlet x: Vec<_> = \"hello\".chars().rev().collect();\n```\n\nAnother way to provide the compiler with enough information, is to specify the\ngeneric type parameter:\n\n```\nlet x = \"hello\".chars().rev().collect::<Vec<char>>();\n```\n\nAgain, you need not specify the full type if the compiler can infer it:\n\n```\nlet x = \"hello\".chars().rev().collect::<Vec<_>>();\n```\n\nApart from a method or function with a generic type parameter, this error can\noccur when a type parameter of a struct or trait cannot be inferred. In that\ncase it is not always possible to use a type annotation, because all candidates\nhave the same return type. For instance:\n\n```compile_fail,E0282\nstruct Foo<T> {\n    num: T,\n}\n\nimpl<T> Foo<T> {\n    fn bar() -> i32 {\n        0\n    }\n\n    fn baz() {\n        let number = Foo::bar();\n    }\n}\n```\n\nThis will fail because the compiler does not know which instance of `Foo` to\ncall `bar` on. Change `Foo::bar()` to `Foo::<T>::bar()` to resolve the error.\n"},"level":"error","spans":[{"file_name":"src\\ports\\httpapi\\mod.rs","byte_start":6854,"byte_end":7074,"line_start":229,"line_end":236,"column_start":24,"column_end":19,"is_primary":true,"text":[{"text":"        let response = router","highlight_start":24,"highlight_end":30},{"text":"            .oneshot(","highlight_start":1,"highlight_end":22},{"text":"                http::Request::builder()","highlight_start":1,"highlight_end":41},{"text":"                    .uri(\"/test-id-2\")","highlight_start":1,"highlight_end":39},{"text":"                    .body(Body::empty())","highlight_start":1,"highlight_end":41},{"text":"                    .unwrap(),","highlight_start":1,"highlight_end":31},{"text":"            )","highlight_start":1,"highlight_end":14},{"text":"            .await","highlight_start":1,"highlight_end":19}],"label":"cannot infer type","suggested_replacement":null,"suggestion_applicability":null,"expansion":null}],"children":[],"rendered":"\u001b[1m\u001b[91merror[E0282]\u001b[0m\u001b[1m\u001b[97m: type annotations needed\u001b[0m\n   \u001b[1m\u001b[96m--> \u001b[0msrc\\ports\\httpapi\\mod.rs:229:24\n    \u001b[1m\u001b[96m|\u001b[0m\n\u001b[1m\u001b[96m229\u001b[0m \u001b[1m\u001b[96m|\u001b[0m           let response = router\n    \u001b[1m\u001b[96m|\u001b[0m \u001b[1m\u001b[91m ________________________^\u001b[0m\n\u001b[1m\u001b[96m230\u001b[0m \u001b[1m\u001b[96m|\u001b[0m \u001b[1m\u001b[91m|\u001b[0m             .oneshot(\n\u001b[1m\u001b[96m231\u001b[0m \u001b[1m\u001b[96m|\u001b[0m \u001b[1m\u001b[91m|\u001b[0m                 http::Request::builder()\n\u001b[1m\u001b[96m232\u001b[0m \u001b[1m\u001b[96m|\u001b[0m \u001b[1m\u001b[91m|\u001b[0m                     .uri(\"/test-id-2\")\n\u001b[1m\u001b[96m...\u001b[0m   \u001b[1m\u001b[91m|\u001b[0m\n\u001b[1m\u001b[96m236\u001b[0m \u001b[1m\u001b[96m|\u001b[0m \u001b[1m\u001b[91m|\u001b[0m             .await\n    \u001b[1m\u001b[96m|\u001b[0m \u001b[1m\u001b[91m|__________________^\u001b[0m \u001b[1m\u001b[91mcannot infer type\u001b[0m\n\n"}
{"$message_type":"diagnostic","message":"type annotations needed","code":{"code":"E0282","explanation":"The compiler could not infer a type and asked for a type annotation.\n\nErroneous code example:\n\n```compile_fail,E0282\nlet x = Vec::new();\n```\n\nThis error indicates that type inference did not result in one unique possible\ntype, and extra information is required. In most cases this can be provided\nby adding a type annotation. Sometimes you need to specify a generic type\nparameter manually.\n\nIn the example above, type `Vec` has a type parameter `T`. When calling\n`Vec::new`, barring any other later usage of the variable `x` that allows the\ncompiler to infer what type `T` is, the compiler needs to be told what it is.\n\nThe type can be specified on the variable:\n\n```\nlet x: Vec<i32> = Vec::new();\n```\n\nThe type can also be specified in the path of the expression:\n\n```\nlet x = Vec::<i32>::new();\n```\n\nIn cases with more complex types, it is not necessary to annotate the full\ntype. Once the ambiguity is resolved, the compiler can infer the rest:\n\n```\nlet x: Vec<_> = \"hello\".chars().rev().collect();\n```\n\nAnother way to provide the compiler with enough information, is to specify the\ngeneric type parameter:\n\n```\nlet x = \"hello\".chars().rev().collect::<Vec<char>>();\n```\n\nAgain, you need not specify the full type if the compiler can infer it:\n\n```\nlet x = \"hello\".chars().rev().collect::<Vec<_>>();\n```\n\nApart from a method or function with a generic type parameter, this error can\noccur when a type parameter of a struct or trait cannot be inferred. In that\ncase it is not always possible to use a type annotation, because all candidates\nhave the same return type. For instance:\n\n```compile_fail,E0282\nstruct Foo<T> {\n    num: T,\n}\n\nimpl<T> Foo<T> {\n    fn bar() -> i32 {\n        0\n    }\n\n    fn baz() {\n        let number = Foo::bar();\n    }\n}\n```\n\nThis will fail because the compiler does not know which instance of `Foo` to\ncall `bar` on. Change `Foo::bar()` to `Foo::<T>::bar()` to resolve the error.\n"},"level":"error","spans":[{"file_name":"src\\ports\\httpapi\\mod.rs","byte_start":7200,"byte_end":7236,"line_start":241,"line_end":241,"column_start":20,"column_end":56,"is_primary":true,"text":[{"text":"        let body = response.into_body().collect().await.unwrap().to_bytes();","highlight_start":20,"highlight_end":56}],"label":"cannot infer type","suggested_replacement":null,"suggestion_applicability":null,"expansion":null}],"children":[],"rendered":"\u001b[1m\u001b[91merror[E0282]\u001b[0m\u001b[1m\u001b[97m: type annotations needed\u001b[0m\n   \u001b[1m\u001b[96m--> \u001b[0msrc\\ports\\httpapi\\mod.rs:241:20\n    \u001b[1m\u001b[96m|\u001b[0m\n\u001b[1m\u001b[96m241\u001b[0m \u001b[1m\u001b[96m|\u001b[0m         let body = response.into_body().collect().await.unwrap().to_bytes();\n    \u001b[1m\u001b[96m|\u001b[0m                    \u001b[1m\u001b[91m^^^^^^^^^^^^^^^^^^^^^^^^^^^^^^^^^^^^\u001b[0m \u001b[1m\u001b[91mcannot infer type\u001b[0m\n\n"}
{"$message_type":"diagnostic","message":"no method named `oneshot` found for struct `axum::Router<S>` in the current scope","code":{"code":"E0599","explanation":"This error occurs when a method is used on a type which doesn't implement it:\n\nErroneous code example:\n\n```compile_fail,E0599\nstruct Mouth;\n\nlet x = Mouth;\nx.chocolate(); // error: no method named `chocolate` found for type `Mouth`\n               //        in the current scope\n```\n\nIn this case, you need to implement the `chocolate` method to fix the error:\n\n```\nstruct Mouth;\n\nimpl Mouth {\n    fn chocolate(&self) { // We implement the `chocolate` method here.\n        println!(\"Hmmm! I love chocolate!\");\n    }\n}\n\nlet x = Mouth;\nx.chocolate(); // ok!\n```\n"},"level":"error","spans":[{"file_name":"src\\ports\\httpapi\\mod.rs","byte_start":7684,"byte_end":7705,"line_start":256,"line_end":257,"column_start":24,"column_end":14,"is_primary":false,"text":[{"text":"        let response = router","highlight_start":24,"highlight_end":30},{"text":"            .oneshot(","highlight_start":1,"highlight_end":14}],"label":"","suggested_replacement":null,"suggestion_applicability":null,"expansion":null},{"file_name":"C:\\Users\\Admin\\.cargo\\registry\\src\\index.crates.io-1949cf8c6b5b557f\\tower-0.5.3\\src\\util\\mod.rs","byte_start":2269,"byte_end":2276,"line_start":89,"line_end":89,"column_start":8,"column_end":15,"is_primary":false,"text":[{"text":"    fn oneshot(self, req: Request) -> Oneshot<Self, Request>","highlight_start":8,"highlight_end":15}],"label":"the method is available for `axum::Router` here","suggested_replacement":null,"suggestion_applicability":null,"expansion":null},{"file_name":"src\\ports\\httpapi\\mod.rs","byte_start":7705,"byte_end":7712,"line_start":257,"line_end":257,"column_start":14,"column_end":21,"is_primary":true,"text":[{"text":"            .oneshot(","highlight_start":14,"highlight_end":21}],"label":null,"suggested_replacement":null,"suggestion_applicability":null,"expansion":null}],"children":[{"message":"items from traits can only be used if the trait is in scope","code":null,"level":"help","spans":[],"children":[],"rendered":null},{"message":"there is a method `nest` with a similar name, but with different arguments","code":null,"level":"help","spans":[{"file_name":"C:\\Users\\Admin\\.cargo\\registry\\src\\index.crates.io-1949cf8c6b5b557f\\axum-0.7.9\\src\\routing\\mod.rs","byte_start":5508,"byte_end":5564,"line_start":195,"line_end":195,"column_start":5,"column_end":61,"is_primary":true,"text":[{"text":"    pub fn nest(self, path: &str, router: Router<S>) -> Self {","highlight_start":5,"highlight_end":61}],"label":null,"suggested_replacement":null,"suggestion_applicability":null,"expansion":null}],"children":[],"rendered":null},{"message":"trait `ServiceExt` which provides `oneshot` is implemented but not in scope; perhaps you want to import it","code":null,"level":"help","spans":[{"file_name":"src\\ports\\httpapi\\mod.rs","byte_start":4525,"byte_end":4525,"line_start":151,"line_end":151,"column_start":5,"column_end":5,"is_primary":true,"text":[{"text":"    use axum::{body::Body, http};","highlight_start":5,"highlight_end":5}],"label":null,"suggested_replacement":"use tower::util::ServiceExt;\n","suggestion_applicability":"MaybeIncorrect","expansion":null}],"children":[],"rendered":null}],"rendered":"\u001b[1m\u001b[91merror[E0599]\u001b[0m\u001b[1m\u001b[97m: no method named `oneshot` found for struct `axum::Router<S>` in the current scope\u001b[0m\n   \u001b[1m\u001b[96m--> \u001b[0msrc\\ports\\httpapi\\mod.rs:257:14\n    \u001b[1m\u001b[96m|\u001b[0m\n\u001b[1m\u001b[96m256\u001b[0m \u001b[1m\u001b[96m|\u001b[0m           let response = router\n    \u001b[1m\u001b[96m|\u001b[0m \u001b[1m\u001b[96m ________________________-\u001b[0m\n\u001b[1m\u001b[96m257\u001b[0m \u001b[1m\u001b[96m|\u001b[0m \u001b[1m\u001b[96m|\u001b[0m             .oneshot(\n    \u001b[1m\u001b[96m|\u001b[0m \u001b[1m\u001b[96m|_____________-\u001b[0m\u001b[1m\u001b[91m^^^^^^^\u001b[0m\n    \u001b[1m\u001b[96m|\u001b[0m\n   \u001b[1m\u001b[96m::: \u001b[0mC:\\Users\\Admin\\.cargo\\registry\\src\\index.crates.io-1949cf8c6b5b557f\\tower-0.5.3\\src\\util\\mod.rs:89:8\n    \u001b[1m\u001b[96m|\u001b[0m\n \u001b[1m\u001b[96m89\u001b[0m \u001b[1m\u001b[96m|\u001b[0m       fn oneshot(self, req: Request) -> Oneshot<Self, Request>\n    \u001b[1m\u001b[96m|\u001b[0m          \u001b[1m\u001b[96m-------\u001b[0m \u001b[1m\u001b[96mthe method is available for `axum::Router` here\u001b[0m\n    \u001b[1m\u001b[96m|\u001b[0m\n    \u001b[1m\u001b[96m= \u001b[0m\u001b[1m\u001b[97mhelp\u001b[0m: items from traits can only be used if the trait is in scope\n\u001b[1m\u001b[96mhelp\u001b[0m: there is a method `nest` with a similar name, but with different arguments\n   \u001b[1m\u001b[96m--> \u001b[0mC:\\Users\\Admin\\.cargo\\registry\\src\\index.crates.io-1949cf8c6b5b557f\\axum-0.7.9\\src\\routing\\mod.rs:195:5\n    \u001b[1m\u001b[96m|\u001b[0m\n\u001b[1m\u001b[96m195\u001b[0m \u001b[1m\u001b[96m|\u001b[0m     pub fn nest(self, path: &str, router: Router<S>) -> Self {\n    \u001b[1m\u001b[96m|\u001b[0m     \u001b[1m\u001b[96m^^^^^^^^^^^^^^^^^^^^^^^^^^^^^^^^^^^^^^^^^^^^^^^^^^^^^^^^\u001b[0m\n\u001b[1m\u001b[96mhelp\u001b[0m: trait `ServiceExt` which provides `oneshot` is implemented but not in scope; perhaps you want to import it\n    \u001b[1m\u001b[96m|\u001b[0m\n\u001b[1m\u001b[96m151\u001b[0m \u001b[92m+ \u001b[0m    \u001b[92muse tower::util::ServiceExt;\u001b[0m\n    \u001b[1m\u001b[96m|\u001b[0m\n\n"}
{"$message_type":"diagnostic","message":"type annotations needed","code":{"code":"E0282","explanation":"The compiler could not infer a type and asked for a type annotation.\n\nErroneous code example:\n\n```compile_fail,E0282\nlet x = Vec::new();\n```\n\nThis error indicates that type inference did not result in one unique possible\ntype, and extra information is required. In most cases this can be provided\nby adding a type annotation. Sometimes you need to specify a generic type\nparameter manually.\n\nIn the example above, type `Vec` has a type parameter `T`. When calling\n`Vec::new`, barring any other later usage of the variable `x` that allows the\ncompiler to infer what type `T` is, the compiler needs to be told what it is.\n\nThe type can be specified on the variable:\n\n```\nlet x: Vec<i32> = Vec::new();\n```\n\nThe type can also be specified in the path of the expression:\n\n```\nlet x = Vec::<i32>::new();\n```\n\nIn cases with more complex types, it is not necessary to annotate the full\ntype. Once the ambiguity is resolved, the compiler can infer the rest:\n\n```\nlet x: Vec<_> = \"hello\".chars().rev().collect();\n```\n\nAnother way to provide the compiler with enough information, is to specify the\ngeneric type parameter:\n\n```\nlet x = \"hello\".chars().rev().collect::<Vec<char>>();\n```\n\nAgain, you need not specify the full type if the compiler can infer it:\n\n```\nlet x = \"hello\".chars().rev().collect::<Vec<_>>();\n```\n\nApart from a method or function with a generic type parameter, this error can\noccur when a type parameter of a struct or trait cannot be inferred. In that\ncase it is not always possible to use a type annotation, because all candidates\nhave the same return type. For instance:\n\n```compile_fail,E0282\nstruct Foo<T> {\n    num: T,\n}\n\nimpl<T> Foo<T> {\n    fn bar() -> i32 {\n        0\n    }\n\n    fn baz() {\n        let number = Foo::bar();\n    }\n}\n```\n\nThis will fail because the compiler does not know which instance of `Foo` to\ncall `bar` on. Change `Foo::bar()` to `Foo::<T>::bar()` to resolve the error.\n"},"level":"error","spans":[{"file_name":"src\\ports\\httpapi\\mod.rs","byte_start":7684,"byte_end":8139,"line_start":256,"line_end":267,"column_start":24,"column_end":19,"is_primary":true,"text":[{"text":"        let response = router","highlight_start":24,"highlight_end":30},{"text":"            .oneshot(","highlight_start":1,"highlight_end":22},{"text":"                http::Request::builder()","highlight_start":1,"highlight_end":41},{"text":"                    .method(http::Method::POST)","highlight_start":1,"highlight_end":48},{"text":"                    .uri(\"/\")","highlight_start":1,"highlight_end":30},{"text":"                    .header(http::header::CONTENT_TYPE, mime::APPLICATION_JSON.as_ref())","highlight_start":1,"highlight_end":89},{"text":"                    .body(Body::from(","highlight_start":1,"highlight_end":38},{"text":"                        serde_json::to_string(&create_short_url_request).unwrap(),","highlight_start":1,"highlight_end":83},{"text":"                    ))","highlight_start":1,"highlight_end":23},{"text":"                    .unwrap(),","highlight_start":1,"highlight_end":31},{"text":"            )","highlight_start":1,"highlight_end":14},{"text":"            .await","highlight_start":1,"highlight_end":19}],"label":"cannot infer type","suggested_replacement":null,"suggestion_applicability":null,"expansion":null}],"children":[],"rendered":"\u001b[1m\u001b[91merror[E0282]\u001b[0m\u001b[1m\u001b[97m: type annotations needed\u001b[0m\n   \u001b[1m\u001b[96m--> \u001b[0msrc\\ports\\httpapi\\mod.rs:256:24\n    \u001b[1m\u001b[96m|\u001b[0m\n\u001b[1m\u001b[96m256\u001b[0m \u001b[1m\u001b[96m|\u001b[0m           let response = router\n    \u001b[1m\u001b[96m|\u001b[0m \u001b[1m\u001b[91m ________________________^\u001b[0m\n\u001b[1m\u001b[96m257\u001b[0m \u001b[1m\u001b[96m|\u001b[0m \u001b[1m\u001b[91m|\u001b[0m             .oneshot(\n\u001b[1m\u001b[96m258\u001b[0m \u001b[1m\u001b[96m|\u001b[0m \u001b[1m\u001b[91m|\u001b[0m                 http::Request::builder()\n\u001b[1m\u001b[96m259\u001b[0m \u001b[1m\u001b[96m|\u001b[0m \u001b[1m\u001b[91m|\u001b[0m                     .method(http::Method::POST)\n\u001b[1m\u001b[96m...\u001b[0m   \u001b[1m\u001b[91m|\u001b[0m\n\u001b[1m\u001b[96m267\u001b[0m \u001b[1m\u001b[96m|\u001b[0m \u001b[1m\u001b[91m|\u001b[0m             .await\n    \u001b[1m\u001b[96m|\u001b[0m \u001b[1m\u001b[91m|__________________^\u001b[0m \u001b[1m\u001b[91mcannot infer type\u001b[0m\n\n"}
{"$message_type":"diagnostic","message":"type annotations needed","code":{"code":"E0282","explanation":"The compiler could not infer a type and asked for a type annotation.\n\nErroneous code example:\n\n```compile_fail,E0282\nlet x = Vec::new();\n```\n\nThis error indicates that type inference did not result in one unique possible\ntype, and extra information is required. In most cases this can be provided\nby adding a type annotation. Sometimes you need to specify a generic type\nparameter manually.\n\nIn the example above, type `Vec` has a type parameter `T`. When calling\n`Vec::new`, barring any other later usage of the variable `x` that allows the\ncompiler to infer what type `T` is, the compiler needs to be told what it is.\n\nThe type can be specified on the variable:\n\n```\nlet x: Vec<i32> = Vec::new();\n```\n\nThe type can also be specified in the path of the expression:\n\n```\nlet x = Vec::<i32>::new();\n```\n\nIn cases with more complex types, it is not necessary to annotate the full\ntype. Once the ambiguity is resolved, the compiler can infer the rest:\n\n```\nlet x: Vec<_> = \"hello\".chars().rev().collect();\n```\n\nAnother way to provide the compiler with enough information, is to specify the\ngeneric type parameter:\n\n```\nlet x = \"hello\".chars().rev().collect::<Vec<char>>();\n```\n\nAgain, you need not specify the full type if the compiler can infer it:\n\n```\nlet x = \"hello\".chars().rev().collect::<Vec<_>>();\n```\n\nApart from a method or function with a generic type parameter, this error can\noccur when a type parameter of a struct or trait cannot be inferred. In that\ncase it is not always possible to use a type annotation, because all candidates\nhave the same return type. For instance:\n\n```compile_fail,E0282\nstruct Foo<T> {\n    num: T,\n}\n\nimpl<T> Foo<T> {\n    fn bar() -> i32 {\n        0\n    }\n\n    fn baz() {\n        let number = Foo::bar();\n    }\n}\n```\n\nThis will fail because the compiler does not know which instance of `Foo` to\ncall `bar` on. Change `Foo::bar()` to `Foo::<T>::bar()` to resolve the error.\n"},"level":"error","spans":[{"file_name":"src\\ports\\httpapi\\mod.rs","byte_start":8267,"byte_end":8303,"line_start":273,"line_end":273,"column_start":20,"column_end":56,"is_primary":true,"text":[{"text":"        let body = response.into_body().collect().await.unwrap().to_bytes();","highlight_start":20,"highlight_end":56}],"label":"cannot infer type","suggested_replacement":null,"suggestion_applicability":null,"expansion":null}],"children":[],"rendered":"\u001b[1m\u001b[91merror[E0282]\u001b[0m\u001b[1m\u001b[97m: type annotations needed\u001b[0m\n   \u001b[1m\u001b[96m--> \u001b[0msrc\\ports\\httpapi\\mod.rs:273:20\n    \u001b[1m\u001b[96m|\u001b[0m\n\u001b[1m\u001b[96m273\u001b[0m \u001b[1m\u001b[96m|\u001b[0m         let body = response.into_body().collect().await.unwrap().to_bytes();\n    \u001b[1m\u001b[96m|\u001b[0m                    \u001b[1m\u001b[91m^^^^^^^^^^^^^^^^^^^^^^^^^^^^^^^^^^^^\u001b[0m \u001b[1m\u001b[91mcannot infer type\u001b[0m\n\n"}
{"$message_type":"diagnostic","message":"no method named `oneshot` found for struct `axum::Router<S>` in the current scope","code":{"code":"E0599","explanation":"This error occurs when a method is used on a type which doesn't implement it:\n\nErroneous code example:\n\n```compile_fail,E0599\nstruct Mouth;\n\nlet x = Mouth;\nx.chocolate(); // error: no method named `chocolate` found for type `Mouth`\n               //        in the current scope\n```\n\nIn this case, you need to implement the `chocolate` method to fix the error:\n\n```\nstruct Mouth;\n\nimpl Mouth {\n    fn chocolate(&self) { // We implement the `chocolate` method here.\n        println!(\"Hmmm! I love chocolate!\");\n    }\n}\n\nlet x = Mouth;\nx.chocolate(); // ok!\n```\n"},"level":"error","spans":[{"file_name":"src\\ports\\httpapi\\mod.rs","byte_start":9124,"byte_end":9146,"line_start":299,"line_end":300,"column_start":21,"column_end":14,"is_primary":false,"text":[{"text":"        let resp1 = router1","highlight_start":21,"highlight_end":28},{"text":"            .oneshot(","highlight_start":1,"highlight_end":14}],"label":"","suggested_replacement":null,"suggestion_applicability":null,"expansion":null},{"file_name":"C:\\Users\\Admin\\.cargo\\registry\\src\\index.crates.io-1949cf8c6b5b557f\\tower-0.5.3\\src\\util\\mod.rs","byte_start":2269,"byte_end":2276,"line_start":89,"line_end":89,"column_start":8,"column_end":15,"is_primary":false,"text":[{"text":"    fn oneshot(self, req: Request) -> Oneshot<Self, Request>","highlight_start":8,"highlight_end":15}],"label":"the method is available for `axum::Router` here","suggested_replacement":null,"suggestion_applicability":null,"expansion":null},{"file_name":"src\\ports\\httpapi\\mod.rs","byte_start":9146,"byte_end":9153,"line_start":300,"line_end":300,"column_start":14,"column_end":21,"is_primary":true,"text":[{"text":"            .oneshot(","highlight_start":14,"highlight_end":21}],"label":null,"suggested_replacement":null,"suggestion_applicability":null,"expansion":null}],"children":[{"message":"items from traits can only be used if the trait is in scope","code":null,"level":"help","spans":[],"children":[],"rendered":null},{"message":"there is a method `nest` with a similar name, but with different arguments","code":null,"level":"help","spans":[{"file_name":"C:\\Users\\Admin\\.cargo\\registry\\src\\index.crates.io-1949cf8c6b5b557f\\axum-0.7.9\\src\\routing\\mod.rs","byte_start":5508,"byte_end":5564,"line_start":195,"line_end":195,"column_start":5,"column_end":61,"is_primary":true,"text":[{"text":"    pub fn nest(self, path: &str, router: Router<S>) -> Self {","highlight_start":5,"highlight_end":61}],"label":null,"suggested_replacement":null,"suggestion_applicability":null,"expansion":null}],"children":[],"rendered":null},{"message":"trait `ServiceExt` which provides `oneshot` is implemented but not in scope; perhaps you want to import it","code":null,"level":"help","spans":[{"file_name":"src\\ports\\httpapi\\mod.rs","byte_start":4525,"byte_end":4525,"line_start":151,"line_end":151,"column_start":5,"column_end":5,"is_primary":true,"text":[{"text":"    use axum::{body::Body, http};","highlight_start":5,"highlight_end":5}],"label":null,"suggested_replacement":"use tower::util::ServiceExt;\n","suggestion_applicability":"MaybeIncorrect","expansion":null}],"children":[],"rendered":null}],"rendered":"\u001b[1m\u001b[91merror[E0599]\u001b[0m\u001b[1m\u001b[97m: no method named `oneshot` found for struct `axum::Router<S>` in the current scope\u001b[0m\n   \u001b[1m\u001b[96m--> \u001b[0msrc\\ports\\httpapi\\mod.rs:300:14\n    \u001b[1m\u001b[96m|\u001b[0m\n\u001b[1m\u001b[96m299\u001b[0m \u001b[1m\u001b[96m|\u001b[0m           let resp1 = router1\n    \u001b[1m\u001b[96m|\u001b[0m \u001b[1m\u001b[96m _____________________-\u001b[0m\n\u001b[1m\u001b[96m300\u001b[0m \u001b[1m\u001b[96m|\u001b[0m \u001b[1m\u001b[96m|\u001b[0m             .oneshot(\n    \u001b[1m\u001b[96m|\u001b[0m \u001b[1m\u001b[96m|_____________-\u001b[0m\u001b[1m\u001b[91m^^^^^^^\u001b[0m\n    \u001b[1m\u001b[96m|\u001b[0m\n   \u001b[1m\u001b[96m::: \u001b[0mC:\\Users\\Admin\\.cargo\\registry\\src\\index.crates.io-1949cf8c6b5b557f\\tower-0.5.3\\src\\util\\mod.rs:89:8\n    \u001b[1m\u001b[96m|\u001b[0m\n \u001b[1m\u001b[96m89\u001b[0m \u001b[1m\u001b[96m|\u001b[0m       fn oneshot(self, req: Request) -> Oneshot<Self, Request>\n    \u001b[1m\u001b[96m|\u001b[0m          \u001b[1m\u001b[96m-------\u001b[0m \u001b[1m\u001b[96mthe method is available for `axum::Router` here\u001b[0m\n    \u001b[1m\u001b[96m|\u001b[0m\n    \u001b[1m\u001b[96m= \u001b[0m\u001b[1m\u001b[97mhelp\u001b[0m: items from traits can only be used if the trait is in scope\n\u001b[1m\u001b[96mhelp\u001b[0m: there is a method `nest` with a similar name, but with different arguments\n   \u001b[1m\u001b[96m--> \u001b[0mC:\\Users\\Admin\\.cargo\\registry\\src\\index.crates.io-1949cf8c6b5b557f\\axum-0.7.9\\src\\routing\\mod.rs:195:5\n    \u001b[1m\u001b[96m|\u001b[0m\n\u001b[1m\u001b[96m195\u001b[0m \u001b[1m\u001b[96m|\u001b[0m     pub fn nest(self, path: &str, router: Router<S>) -> Self {\n    \u001b[1m\u001b[96m|\u001b[0m     \u001b[1m\u001b[96m^^^^^^^^^^^^^^^^^^^^^^^^^^^^^^^^^^^^^^^^^^^^^^^^^^^^^^^^\u001b[0m\n\u001b[1m\u001b[96mhelp\u001b[0m: trait `ServiceExt` which provides `oneshot` is implemented but not in scope; perhaps you want to import it\n    \u001b[1m\u001b[96m|\u001b[0m\n\u001b[1m\u001b[96m151\u001b[0m \u001b[92m+ \u001b[0m    \u001b[92muse tower::util::ServiceExt;\u001b[0m\n    \u001b[1m\u001b[96m|\u001b[0m\n\n"}
{"$message_type":"diagnostic","message":"type annotations needed","code":{"code":"E0282","explanation":"The compiler could not infer a type and asked for a type annotation.\n\nErroneous code example:\n\n```compile_fail,E0282\nlet x = Vec::new();\n```\n\nThis error indicates that type inference did not result in one unique possible\ntype, and extra information is required. In most cases this can be provided\nby adding a type annotation. Sometimes you need to specify a generic type\nparameter manually.\n\nIn the example above, type `Vec` has a type parameter `T`. When calling\n`Vec::new`, barring any other later usage of the variable `x` that allows the\ncompiler to infer what type `T` is, the compiler needs to be told what it is.\n\nThe type can be specified on the variable:\n\n```\nlet x: Vec<i32> = Vec::new();\n```\n\nThe type can also be specified in the path of the expression:\n\n```\nlet x = Vec::<i32>::new();\n```\n\nIn cases with more complex types, it is not necessary to annotate the full\ntype. Once the ambiguity is resolved, the compiler can infer the rest:\n\n```\nlet x: Vec<_> = \"hello\".chars().rev().collect();\n```\n\nAnother way to provide the compiler with enough information, is to specify the\ngeneric type parameter:\n\n```\nlet x = \"hello\".chars().rev().collect::<Vec<char>>();\n```\n\nAgain, you need not specify the full type if the compiler can infer it:\n\n```\nlet x = \"hello\".chars().rev().collect::<Vec<_>>();\n```\n\nApart from a method or function with a generic type parameter, this error can\noccur when a type parameter of a struct or trait cannot be inferred. In that\ncase it is not always possible to use a type annotation, because all candidates\nhave the same return type. For instance:\n\n```compile_fail,E0282\nstruct Foo<T> {\n    num: T,\n}\n\nimpl<T> Foo<T> {\n    fn bar() -> i32 {\n        0\n    }\n\n    fn baz() {\n        let number = Foo::bar();\n    }\n}\n```\n\nThis will fail because the compiler does not know which instance of `Foo` to\ncall `bar` on. Change `Foo::bar()` to `Foo::<T>::bar()` to resolve the error.\n"},"level":"error","spans":[{"file_name":"src\\ports\\httpapi\\mod.rs","byte_start":9124,"byte_end":9580,"line_start":299,"line_end":310,"column_start":21,"column_end":19,"is_primary":true,"text":[{"text":"        let resp1 = router1","highlight_start":21,"highlight_end":28},{"text":"            .oneshot(","highlight_start":1,"highlight_end":22},{"text":"                http::Request::builder()","highlight_start":1,"highlight_end":41},{"text":"                    .method(http::Method::POST)","highlight_start":1,"highlight_end":48},{"text":"                    .uri(\"/\")","highlight_start":1,"highlight_end":30},{"text":"                    .header(http::header::CONTENT_TYPE, mime::APPLICATION_JSON.as_ref())","highlight_start":1,"highlight_end":89},{"text":"                    .body(Body::from(","highlight_start":1,"highlight_end":38},{"text":"                        serde_json::to_string(&create_short_url_request).unwrap(),","highlight_start":1,"highlight_end":83},{"text":"                    ))","highlight_start":1,"highlight_end":23},{"text":"                    .unwrap(),","highlight_start":1,"highlight_end":31},{"text":"            )","highlight_start":1,"highlight_end":14},{"text":"            .await","highlight_start":1,"highlight_end":19}],"label":"cannot infer type","suggested_replacement":null,"suggestion_applicability":null,"expansion":null}],"children":[],"rendered":"\u001b[1m\u001b[91merror[E0282]\u001b[0m\u001b[1m\u001b[97m: type annotations needed\u001b[0m\n   \u001b[1m\u001b[96m--> \u001b[0msrc\\ports\\httpapi\\mod.rs:299:21\n    \u001b[1m\u001b[96m|\u001b[0m\n\u001b[1m\u001b[96m299\u001b[0m \u001b[1m\u001b[96m|\u001b[0m           let resp1 = router1\n    \u001b[1m\u001b[96m|\u001b[0m \u001b[1m\u001b[91m _____________________^\u001b[0m\n\u001b[1m\u001b[96m300\u001b[0m \u001b[1m\u001b[96m|\u001b[0m \u001b[1m\u001b[91m|\u001b[0m             .oneshot(\n\u001b[1m\u001b[96m301\u001b[0m \u001b[1m\u001b[96m|\u001b[0m \u001b[1m\u001b[91m|\u001b[0m                 http::Request::builder()\n\u001b[1m\u001b[96m302\u001b[0m \u001b[1m\u001b[96m|\u001b[0m \u001b[1m\u001b[91m|\u001b[0m                     .method(http::Method::POST)\n\u001b[1m\u001b[96m...\u001b[0m   \u001b[1m\u001b[91m|\u001b[0m\n\u001b[1m\u001b[96m310\u001b[0m \u001b[1m\u001b[96m|\u001b[0m \u001b[1m\u001b[91m|\u001b[0m             .await\n    \u001b[1m\u001b[96m|\u001b[0m \u001b[1m\u001b[91m|__________________^\u001b[0m \u001b[1m\u001b[91mcannot infer type\u001b[0m\n\n"}
{"$message_type":"diagnostic","message":"no method named `oneshot` found for struct `axum::Router<S>` in the current scope","code":{"code":"E0599","explanation":"This error occurs when a method is used on a type which doesn't implement it:\n\nErroneous code example:\n\n```compile_fail,E0599\nstruct Mouth;\n\nlet x = Mouth;\nx.chocolate(); // error: no method named `chocolate` found for type `Mouth`\n               //        in the current scope\n```\n\nIn this case, you need to implement the `chocolate` method to fix the error:\n\n```\nstruct Mouth;\n\nimpl Mouth {\n    fn chocolate(&self) { // We implement the `chocolate` method here.\n        println!(\"Hmmm! I love chocolate!\");\n    }\n}\n\nlet x = Mouth;\nx.chocolate(); // ok!\n```\n"},"level":"error","spans":[{"file_name":"src\\ports\\httpapi\\mod.rs","byte_start":9628,"byte_end":9650,"line_start":313,"line_end":314,"column_start":21,"column_end":14,"is_primary":false,"text":[{"text":"        let resp2 = router2","highlight_start":21,"highlight_end":28},{"text":"            .oneshot(","highlight_start":1,"highlight_end":14}],"label":"","suggested_replacement":null,"suggestion_applicability":null,"expansion":null},{"file_name":"C:\\Users\\Admin\\.cargo\\registry\\src\\index.crates.io-1949cf8c6b5b557f\\tower-0.5.3\\src\\util\\mod.rs","byte_start":2269,"byte_end":2276,"line_start":89,"line_end":89,"column_start":8,"column_end":15,"is_primary":false,"text":[{"text":"    fn oneshot(self, req: Request) -> Oneshot<Self, Request>","highlight_start":8,"highlight_end":15}],"label":"the method is available for `axum::Router` here","suggested_replacement":null,"suggestion_applicability":null,"expansion":null},{"file_name":"src\\ports\\httpapi\\mod.rs","byte_start":9650,"byte_end":9657,"line_start":314,"line_end":314,"column_start":14,"column_end":21,"is_primary":true,"text":[{"text":"            .oneshot(","highlight_start":14,"highlight_end":21}],"label":null,"suggested_replacement":null,"suggestion_applicability":null,"expansion":null}],"children":[{"message":"items from traits can only be used if the trait is in scope","code":null,"level":"help","spans":[],"children":[],"rendered":null},{"message":"there is a method `nest` with a similar name, but with different arguments","code":null,"level":"help","spans":[{"file_name":"C:\\Users\\Admin\\.cargo\\registry\\src\\index.crates.io-1949cf8c6b5b557f\\axum-0.7.9\\src\\routing\\mod.rs","byte_start":5508,"byte_end":5564,"line_start":195,"line_end":195,"column_start":5,"column_end":61,"is_primary":true,"text":[{"text":"    pub fn nest(self, path: &str, router: Router<S>) -> Self {","highlight_start":5,"highlight_end":61}],"label":null,"suggested_replacement":null,"suggestion_applicability":null,"expansion":null}],"children":[],"rendered":null},{"message":"trait `ServiceExt` which provides `oneshot` is implemented but not in scope; perhaps you want to import it","code":null,"level":"help","spans":[{"file_name":"src\\ports\\httpapi\\mod.rs","byte_start":4525,"byte_end":4525,"line_start":151,"line_end":151,"column_start":5,"column_end":5,"is_primary":true,"text":[{"text":"    use axum::{body::Body, http};","highlight_start":5,"highlight_end":5}],"label":null,"suggested_replacement":"use tower::util::ServiceExt;\n","suggestion_applicability":"MaybeIncorrect","expansion":null}],"children":[],"rendered":null}],"rendered":"\u001b[1m\u001b[91merror[E0599]\u001b[0m\u001b[1m\u001b[97m: no method named `oneshot` found for struct `axum::Router<S>` in the current scope\u001b[0m\n   \u001b[1m\u001b[96m--> \u001b[0msrc\\ports\\httpapi\\mod.rs:314:14\n    \u001b[1m\u001b[96m|\u001b[0m\n\u001b[1m\u001b[96m313\u001b[0m \u001b[1m\u001b[96m|\u001b[0m           let resp2 = router2\n    \u001b[1m\u001b[96m|\u001b[0m \u001b[1m\u001b[96m _____________________-\u001b[0m\n\u001b[1m\u001b[96m314\u001b[0m \u001b[1m\u001b[96m|\u001b[0m \u001b[1m\u001b[96m|\u001b[0m             .oneshot(\n    \u001b[1m\u001b[96m|\u001b[0m \u001b[1m\u001b[96m|_____________-\u001b[0m\u001b[1m\u001b[91m^^^^^^^\u001b[0m\n    \u001b[1m\u001b[96m|\u001b[0m\n   \u001b[1m\u001b[96m::: \u001b[0mC:\\Users\\Admin\\.cargo\\registry\\src\\index.crates.io-1949cf8c6b5b557f\\tower-0.5.3\\src\\util\\mod.rs:89:8\n    \u001b[1m\u001b[96m|\u001b[0m\n \u001b[1m\u001b[96m89\u001b[0m \u001b[1m\u001b[96m|\u001b[0m       fn oneshot(self, req: Request) -> Oneshot<Self, Request>\n    \u001b[1m\u001b[96m|\u001b[0m          \u001b[1m\u001b[96m-------\u001b[0m \u001b[1m\u001b[96mthe method is available for `axum::Router` here\u001b[0m\n    \u001b[1m\u001b[96m|\u001b[0m\n    \u001b[1m\u001b[96m= \u001b[0m\u001b[1m\u001b[97mhelp\u001b[0m: items from traits can only be used if the trait is in scope\n\u001b[1m\u001b[96mhelp\u001b[0m: there is a method `nest` with a similar name, but with different arguments\n   \u001b[1m\u001b[96m--> \u001b[0mC:\\Users\\Admin\\.cargo\\registry\\src\\index.crates.io-1949cf8c6b5b557f\\axum-0.7.9\\src\\routing\\mod.rs:195:5\n    \u001b[1m\u001b[96m|\u001b[0m\n\u001b[1m\u001b[96m195\u001b[0m \u001b[1m\u001b[96m|\u001b[0m     pub fn nest(self, path: &str, router: Router<S>) -> Self {\n    \u001b[1m\u001b[96m|\u001b[0m     \u001b[1m\u001b[96m^^^^^^^^^^^^^^^^^^^^^^^^^^^^^^^^^^^^^^^^^^^^^^^^^^^^^^^^\u001b[0m\n\u001b[1m\u001b[96mhelp\u001b[0m: trait `ServiceExt` which provides `oneshot` is implemented but not in scope; perhaps you want to import it\n    \u001b[1m\u001b[96m|\u001b[0m\n\u001b[1m\u001b[96m151\u001b[0m \u001b[92m+ \u001b[0m    \u001b[92muse tower::util::ServiceExt;\u001b[0m\n    \u001b[1m\u001b[96m|\u001b[0m\n\n"}
{"$message_type":"diagnostic","message":"type annotations needed","code":{"code":"E0282","explanation":"The compiler could not infer a type and asked for a type annotation.\n\nErroneous code example:\n\n```compile_fail,E0282\nlet x = Vec::new();\n```\n\nThis error indicates that type inference did not result in one unique possible\ntype, and extra information is required. In most cases this can be provided\nby adding a type annotation. Sometimes you need to specify a generic type\nparameter manually.\n\nIn the example above, type `Vec` has a type parameter `T`. When calling\n`Vec::new`, barring any other later usage of the variable `x` that allows the\ncompiler to infer what type `T` is, the compiler needs to be told what it is.\n\nThe type can be specified on the variable:\n\n```\nlet x: Vec<i32> = Vec::new();\n```\n\nThe type can also be specified in the path of the expression:\n\n```\nlet x = Vec::<i32>::new();\n```\n\nIn cases with more complex types, it is not necessary to annotate the full\ntype. Once the ambiguity is resolved, the compiler can infer the rest:\n\n```\nlet x: Vec<_> = \"hello\".chars().rev().collect();\n```\n\nAnother way to provide the compiler with enough information, is to specify the\ngeneric type parameter:\n\n```\nlet x = \"hello\".chars().rev().collect::<Vec<char>>();\n```\n\nAgain, you need not specify the full type if the compiler can infer it:\n\n```\nlet x = \"hello\".chars().rev().collect::<Vec<_>>();\n```\n\nApart from a method or function with a generic type parameter, this error can\noccur when a type parameter of a struct or trait cannot be inferred. In that\ncase it is not always possible to use a type annotation, because all candidates\nhave the same return type. For instance:\n\n```compile_fail,E0282\nstruct Foo<T> {\n    num: T,\n}\n\nimpl<T> Foo<T> {\n    fn bar() -> i32 {\n        0\n    }\n\n    fn baz() {\n        let number = Foo::bar();\n    }\n}\n```\n\nThis will fail because the compiler does not know which instance of `Foo` to\ncall `bar` on. Change `Foo::bar()` to `Foo::<T>::bar()` to resolve the error.\n"},"level":"error","spans":[{"file_name":"src\\ports\\httpapi\\mod.rs","byte_start":9628,"byte_end":9847,"line_start":313,"line_end":320,"column_start":21,"column_end":19,"is_primary":true,"text":[{"text":"        let resp2 = router2","highlight_start":21,"highlight_end":28},{"text":"            .oneshot(","highlight_start":1,"highlight_end":22},{"text":"                http::Request::builder()","highlight_start":1,"highlight_end":41},{"text":"                    .uri(\"/test-id\")","highlight_start":1,"highlight_end":37},{"text":"                    .body(Body::empty())","highlight_start":1,"highlight_end":41},{"text":"                    .unwrap(),","highlight_start":1,"highlight_end":31},{"text":"            )","highlight_start":1,"highlight_end":14},{"text":"            .await","highlight_start":1,"highlight_end":19}],"label":"cannot infer type","suggested_replacement":null,"suggestion_applicability":null,"expansion":null}],"children":[],"rendered":"\u001b[1m\u001b[91merror[E0282]\u001b[0m\u001b[1m\u001b[97m: type annotations needed\u001b[0m\n   \u001b[1m\u001b[96m--> \u001b[0msrc\\ports\\httpapi\\mod.rs:313:21\n    \u001b[1m\u001b[96m|\u001b[0m\n\u001b[1m\u001b[96m313\u001b[0m \u001b[1m\u001b[96m|\u001b[0m           let resp2 = router2\n    \u001b[1m\u001b[96m|\u001b[0m \u001b[1m\u001b[91m _____________________^\u001b[0m\n\u001b[1m\u001b[96m314\u001b[0m \u001b[1m\u001b[96m|\u001b[0m \u001b[1m\u001b[91m|\u001b[0m             .oneshot(\n\u001b[1m\u001b[96m315\u001b[0m \u001b[1m\u001b[96m|\u001b[0m \u001b[1m\u001b[91m|\u001b[0m                 http::Request::builder()\n\u001b[1m\u001b[96m316\u001b[0m \u001b[1m\u001b[96m|\u001b[0m \u001b[1m\u001b[91m|\u001b[0m                     .uri(\"/test-id\")\n\u001b[1m\u001b[96m...\u001b[0m   \u001b[1m\u001b[91m|\u001b[0m\n\u001b[1m\u001b[96m320\u001b[0m \u001b[1m\u001b[96m|\u001b[0m \u001b[1m\u001b[91m|\u001b[0m             .await\n    \u001b[1m\u001b[96m|\u001b[0m \u001b[1m\u001b[91m|__________________^\u001b[0m \u001b[1m\u001b[91mcannot infer type\u001b[0m\n\n"}
{"$message_type":"diagnostic","message":"type annotations needed","code":{"code":"E0282","explanation":"The compiler could not infer a type and asked for a type annotation.\n\nErroneous code example:\n\n```compile_fail,E0282\nlet x = Vec::new();\n```\n\nThis error indicates that type inference did not result in one unique possible\ntype, and extra information is required. In most cases this can be provided\nby adding a type annotation. Sometimes you need to specify a generic type\nparameter manually.\n\nIn the example above, type `Vec` has a type parameter `T`. When calling\n`Vec::new`, barring any other later usage of the variable `x` that allows the\ncompiler to infer what type `T` is, the compiler needs to be told what it is.\n\nThe type can be specified on the variable:\n\n```\nlet x: Vec<i32> = Vec::new();\n```\n\nThe type can also be specified in the path of the expression:\n\n```\nlet x = Vec::<i32>::new();\n```\n\nIn cases with more complex types, it is not necessary to annotate the full\ntype. Once the ambiguity is resolved, the compiler can infer the rest:\n\n```\nlet x: Vec<_> = \"hello\".chars().rev().collect();\n```\n\nAnother way to provide the compiler with enough information, is to specify the\ngeneric type parameter:\n\n```\nlet x = \"hello\".chars().rev().collect::<Vec<char>>();\n```\n\nAgain, you need not specify the full type if the compiler can infer it:\n\n```\nlet x = \"hello\".chars().rev().collect::<Vec<_>>();\n```\n\nApart from a method or function with a generic type parameter, this error can\noccur when a type parameter of a struct or trait cannot be inferred. In that\ncase it is not always possible to use a type annotation, because all candidates\nhave the same return type. For instance:\n\n```compile_fail,E0282\nstruct Foo<T> {\n    num: T,\n}\n\nimpl<T> Foo<T> {\n    fn bar() -> i32 {\n        0\n    }\n\n    fn baz() {\n        let number = Foo::bar();\n    }\n}\n```\n\nThis will fail because the compiler does not know which instance of `Foo` to\ncall `bar` on. Change `Foo::bar()` to `Foo::<T>::bar()` to resolve the error.\n"},"level":"error","spans":[{"file_name":"src\\ports\\httpapi\\mod.rs","byte_start":9970,"byte_end":10003,"line_start":325,"line_end":325,"column_start":20,"column_end":53,"is_primary":true,"text":[{"text":"        let body = resp1.into_body().collect().await.unwrap().to_bytes();","highlight_start":20,"highlight_end":53}],"label":"cannot infer type","suggested_replacement":null,"suggestion_applicability":null,"expansion":null}],"children":[],"rendered":"\u001b[1m\u001b[91merror[E0282]\u001b[0m\u001b[1m\u001b[97m: type annotations needed\u001b[0m\n   \u001b[1m\u001b[96m--> \u001b[0msrc\\ports\\httpapi\\mod.rs:325:20\n    \u001b[1m\u001b[96m|\u001b[0m\n\u001b[1m\u001b[96m325\u001b[0m \u001b[1m\u001b[96m|\u001b[0m         let body = resp1.into_body().collect().await.unwrap().to_bytes();\n    \u001b[1m\u001b[96m|\u001b[0m                    \u001b[1m\u001b[91m^^^^^^^^^^^^^^^^^^^^^^^^^^^^^^^^^\u001b[0m \u001b[1m\u001b[91mcannot infer type\u001b[0m\n\n"}
{"$message_type":"diagnostic","message":"type annotations needed","code":{"code":"E0282","explanation":"The compiler could not infer a type and asked for a type annotation.\n\nErroneous code example:\n\n```compile_fail,E0282\nlet x = Vec::new();\n```\n\nThis error indicates that type inference did not result in one unique possible\ntype, and extra information is required. In most cases this can be provided\nby adding a type annotation. Sometimes you need to specify a generic type\nparameter manually.\n\nIn the example above, type `Vec` has a type parameter `T`. When calling\n`Vec::new`, barring any other later usage of the variable `x` that allows the\ncompiler to infer what type `T` is, the compiler needs to be told what it is.\n\nThe type can be specified on the variable:\n\n```\nlet x: Vec<i32> = Vec::new();\n```\n\nThe type can also be specified in the path of the expression:\n\n```\nlet x = Vec::<i32>::new();\n```\n\nIn cases with more complex types, it is not necessary to annotate the full\ntype. Once the ambiguity is resolved, the compiler can infer the rest:\n\n```\nlet x: Vec<_> = \"hello\".chars().rev().collect();\n```\n\nAnother way to provide the compiler with enough information, is to specify the\ngeneric type parameter:\n\n```\nlet x = \"hello\".chars().rev().collect::<Vec<char>>();\n```\n\nAgain, you need not specify the full type if the compiler can infer it:\n\n```\nlet x = \"hello\".chars().rev().collect::<Vec<_>>();\n```\n\nApart from a method or function with a generic type parameter, this error can\noccur when a type parameter of a struct or trait cannot be inferred. In that\ncase it is not always possible to use a type annotation, because all candidates\nhave the same return type. For instance:\n\n```compile_fail,E0282\nstruct Foo<T> {\n    num: T,\n}\n\nimpl<T> Foo<T> {\n    fn bar() -> i32 {\n        0\n    }\n\n    fn baz() {\n        let number = Foo::bar();\n    }\n}\n```\n\nThis will fail because the compiler does not know which instance of `Foo` to\ncall `bar` on. Change `Foo::bar()` to `Foo::<T>::bar()` to resolve the error.\n"},"level":"error","spans":[{"file_name":"src\\ports\\httpapi\\mod.rs","byte_start":10225,"byte_end":10258,"line_start":330,"line_end":330,"column_start":20,"column_end":53,"is_primary":true,"text":[{"text":"        let body = resp2.into_body().collect().await.unwrap().to_bytes();","highlight_start":20,"highlight_end":53}],"label":"cannot infer type","suggested_replacement":null,"suggestion_applicability":null,"expansion":null}],"children":[],"rendered":"\u001b[1m\u001b[91merror[E0282]\u001b[0m\u001b[1m\u001b[97m: type annotations needed\u001b[0m\n   \u001b[1m\u001b[96m--> \u001b[0msrc\\ports\\httpapi\\mod.rs:330:20\n    \u001b[1m\u001b[96m|\u001b[0m\n\u001b[1m\u001b[96m330\u001b[0m \u001b[1m\u001b[96m|\u001b[0m         let body = resp2.into_body().collect().await.unwrap().to_bytes();\n    \u001b[1m\u001b[96m|\u001b[0m                    \u001b[1m\u001b[91m^^^^^^^^^^^^^^^^^^^^^^^^^^^^^^^^^\u001b[0m \u001b[1m\u001b[91mcannot infer type\u001b[0m\n\n"}
{"$message_type":"diagnostic","message":"no method named `oneshot` found for struct `axum::Router<S>` in the current scope","code":{"code":"E0599","explanation":"This error occurs when a method is used on a type which doesn't implement it:\n\nErroneous code example:\n\n```compile_fail,E0599\nstruct Mouth;\n\nlet x = Mouth;\nx.chocolate(); // error: no method named `chocolate` found for type `Mouth`\n               //        in the current scope\n```\n\nIn this case, you need to implement the `chocolate` method to fix the error:\n\n```\nstruct Mouth;\n\nimpl Mouth {\n    fn chocolate(&self) { // We implement the `chocolate` method here.\n        println!(\"Hmmm! I love chocolate!\");\n    }\n}\n\nlet x = Mouth;\nx.chocolate(); // ok!\n```\n"},"level":"error","spans":[{"file_name":"src\\ports\\httpapi\\mod.rs","byte_start":10713,"byte_end":10734,"line_start":344,"line_end":345,"column_start":24,"column_end":14,"is_primary":false,"text":[{"text":"        let response = router","highlight_start":24,"highlight_end":30},{"text":"            .oneshot(","highlight_start":1,"highlight_end":14}],"label":"","suggested_replacement":null,"suggestion_applicability":null,"expansion":null},{"file_name":"C:\\Users\\Admin\\.cargo\\registry\\src\\index.crates.io-1949cf8c6b5b557f\\tower-0.5.3\\src\\util\\mod.rs","byte_start":2269,"byte_end":2276,"line_start":89,"line_end":89,"column_start":8,"column_end":15,"is_primary":false,"text":[{"text":"    fn oneshot(self, req: Request) -> Oneshot<Self, Request>","highlight_start":8,"highlight_end":15}],"label":"the method is available for `axum::Router` here","suggested_replacement":null,"suggestion_applicability":null,"expansion":null},{"file_name":"src\\ports\\httpapi\\mod.rs","byte_start":10734,"byte_end":10741,"line_start":345,"line_end":345,"column_start":14,"column_end":21,"is_primary":true,"text":[{"text":"            .oneshot(","highlight_start":14,"highlight_end":21}],"label":null,"suggested_replacement":null,"suggestion_applicability":null,"expansion":null}],"children":[{"message":"items from traits can only be used if the trait is in scope","code":null,"level":"help","spans":[],"children":[],"rendered":null},{"message":"there is a method `nest` with a similar name, but with different arguments","code":null,"level":"help","spans":[{"file_name":"C:\\Users\\Admin\\.cargo\\registry\\src\\index.crates.io-1949cf8c6b5b557f\\axum-0.7.9\\src\\routing\\mod.rs","byte_start":5508,"byte_end":5564,"line_start":195,"line_end":195,"column_start":5,"column_end":61,"is_primary":true,"text":[{"text":"    pub fn nest(self, path: &str, router: Router<S>) -> Self {","highlight_start":5,"highlight_end":61}],"label":null,"suggested_replacement":null,"suggestion_applicability":null,"expansion":null}],"children":[],"rendered":null},{"message":"trait `ServiceExt` which provides `oneshot` is implemented but not in scope; perhaps you want to import it","code":null,"level":"help","spans":[{"file_name":"src\\ports\\httpapi\\mod.rs","byte_start":4525,"byte_end":4525,"line_start":151,"line_end":151,"column_start":5,"column_end":5,"is_primary":true,"text":[{"text":"    use axum::{body::Body, http};","highlight_start":5,"highlight_end":5}],"label":null,"suggested_replacement":"use tower::util::ServiceExt;\n","suggestion_applicability":"MaybeIncorrect","expansion":null}],"children":[],"rendered":null}],"rendered":"\u001b[1m\u001b[91merror[E0599]\u001b[0m\u001b[1m\u001b[97m: no method named `oneshot` found for struct `axum::Router<S>` in the current scope\u001b[0m\n   \u001b[1m\u001b[96m--> \u001b[0msrc\\ports\\httpapi\\mod.rs:345:14\n    \u001b[1m\u001b[96m|\u001b[0m\n\u001b[1m\u001b[96m344\u001b[0m \u001b[1m\u001b[96m|\u001b[0m           let response = router\n    \u001b[1m\u001b[96m|\u001b[0m \u001b[1m\u001b[96m ________________________-\u001b[0m\n\u001b[1m\u001b[96m345\u001b[0m \u001b[1m\u001b[96m|\u001b[0m \u001b[1m\u001b[96m|\u001b[0m             .oneshot(\n    \u001b[1m\u001b[96m|\u001b[0m \u001b[1m\u001b[96m|_____________-\u001b[0m\u001b[1m\u001b[91m^^^^^^^\u001b[0m\n    \u001b[1m\u001b[96m|\u001b[0m\n   \u001b[1m\u001b[96m::: \u001b[0mC:\\Users\\Admin\\.cargo\\registry\\src\\index.crates.io-1949cf8c6b5b557f\\tower-0.5.3\\src\\util\\mod.rs:89:8\n    \u001b[1m\u001b[96m|\u001b[0m\n \u001b[1m\u001b[96m89\u001b[0m \u001b[1m\u001b[96m|\u001b[0m       fn oneshot(self, req: Request) -> Oneshot<Self, Request>\n    \u001b[1m\u001b[96m|\u001b[0m          \u001b[1m\u001b[96m-------\u001b[0m \u001b[1m\u001b[96mthe method is available for `axum::Router` here\u001b[0m\n    \u001b[1m\u001b[96m|\u001b[0m\n    \u001b[1m\u001b[96m= \u001b[0m\u001b[1m\u001b[97mhelp\u001b[0m: items from traits can only be used if the trait is in scope\n\u001b[1m\u001b[96mhelp\u001b[0m: there is a method `nest` with a similar name, but with different arguments\n   \u001b[1m\u001b[96m--> \u001b[0mC:\\Users\\Admin\\.cargo\\registry\\src\\index.crates.io-1949cf8c6b5b557f\\axum-0.7.9\\src\\routing\\mod.rs:195:5\n    \u001b[1m\u001b[96m|\u001b[0m\n\u001b[1m\u001b[96m195\u001b[0m \u001b[1m\u001b[96m|\u001b[0m     pub fn nest(self, path: &str, router: Router<S>) -> Self {\n    \u001b[1m\u001b[96m|\u001b[0m     \u001b[1m\u001b[96m^^^^^^^^^^^^^^^^^^^^^^^^^^^^^^^^^^^^^^^^^^^^^^^^^^^^^^^^\u001b[0m\n\u001b[1m\u001b[96mhelp\u001b[0m: trait `ServiceExt` which provides `oneshot` is implemented but not in scope; perhaps you want to import it\n    \u001b[1m\u001b[96m|\u001b[0m\n\u001b[1m\u001b[96m151\u001b[0m \u001b[92m+ \u001b[0m    \u001b[92muse tower::util::ServiceExt;\u001b[0m\n    \u001b[1m\u001b[96m|\u001b[0m\n\n"}
{"$message_type":"diagnostic","message":"type annotations needed","code":{"code":"E0282","explanation":"The compiler could not infer a type and asked for a type annotation.\n\nErroneous code example:\n\n```compile_fail,E0282\nlet x = Vec::new();\n```\n\nThis error indicates that type inference did not result in one unique possible\ntype, and extra information is required. In most cases this can be provided\nby adding a type annotation. Sometimes you need to specify a generic type\nparameter manually.\n\nIn the example above, type `Vec` has a type parameter `T`. When calling\n`Vec::new`, barring any other later usage of the variable `x` that allows the\ncompiler to infer what type `T` is, the compiler needs to be told what it is.\n\nThe type can be specified on the variable:\n\n```\nlet x: Vec<i32> = Vec::new();\n```\n\nThe type can also be specified in the path of the expression:\n\n```\nlet x = Vec::<i32>::new();\n```\n\nIn cases with more complex types, it is not necessary to annotate the full\ntype. Once the ambiguity is resolved, the compiler can infer the rest:\n\n```\nlet x: Vec<_> = \"hello\".chars().rev().collect();\n```\n\nAnother way to provide the compiler with enough information, is to specify the\ngeneric type parameter:\n\n```\nlet x = \"hello\".chars().rev().collect::<Vec<char>>();\n```\n\nAgain, you need not specify the full type if the compiler can infer it:\n\n```\nlet x = \"hello\".chars().rev().collect::<Vec<_>>();\n```\n\nApart from a method or function with a generic type parameter, this error can\noccur when a type parameter of a struct or trait cannot be inferred. In that\ncase it is not always possible to use a type annotation, because all candidates\nhave the same return type. For instance:\n\n```compile_fail,E0282\nstruct Foo<T> {\n    num: T,\n}\n\nimpl<T> Foo<T> {\n    fn bar() -> i32 {\n        0\n    }\n\n    fn baz() {\n        let number = Foo::bar();\n    }\n}\n```\n\nThis will fail because the compiler does not know which instance of `Foo` to\ncall `bar` on. Change `Foo::bar()` to `Foo::<T>::bar()` to resolve the error.\n"},"level":"error","spans":[{"file_name":"src\\ports\\httpapi\\mod.rs","byte_start":10713,"byte_end":11168,"line_start":344,"line_end":355,"column_start":24,"column_end":19,"is_primary":true,"text":[{"text":"        let response = router","highlight_start":24,"highlight_end":30},{"text":"            .oneshot(","highlight_start":1,"highlight_end":22},{"text":"                http::Request::builder()","highlight_start":1,"highlight_end":41},{"text":"                    .method(http::Method::POST)","highlight_start":1,"highlight_end":48},{"text":"                    .uri(\"/\")","highlight_start":1,"highlight_end":30},{"text":"                    .header(http::header::CONTENT_TYPE, mime::APPLICATION_JSON.as_ref())","highlight_start":1,"highlight_end":89},{"text":"                    .body(Body::from(","highlight_start":1,"highlight_end":38},{"text":"                        serde_json::to_string(&create_short_url_request).unwrap(),","highlight_start":1,"highlight_end":83},{"text":"                    ))","highlight_start":1,"highlight_end":23},{"text":"                    .unwrap(),","highlight_start":1,"highlight_end":31},{"text":"            )","highlight_start":1,"highlight_end":14},{"text":"            .await","highlight_start":1,"highlight_end":19}],"label":"cannot infer type","suggested_replacement":null,"suggestion_applicability":null,"expansion":null}],"children":[],"rendered":"\u001b[1m\u001b[91merror[E0282]\u001b[0m\u001b[1m\u001b[97m: type annotations needed\u001b[0m\n   \u001b[1m\u001b[96m--> \u001b[0msrc\\ports\\httpapi\\mod.rs:344:24\n    \u001b[1m\u001b[96m|\u001b[0m\n\u001b[1m\u001b[96m344\u001b[0m \u001b[1m\u001b[96m|\u001b[0m           let response = router\n    \u001b[1m\u001b[96m|\u001b[0m \u001b[1m\u001b[91m ________________________^\u001b[0m\n\u001b[1m\u001b[96m345\u001b[0m \u001b[1m\u001b[96m|\u001b[0m \u001b[1m\u001b[91m|\u001b[0m             .oneshot(\n\u001b[1m\u001b[96m346\u001b[0m \u001b[1m\u001b[96m|\u001b[0m \u001b[1m\u001b[91m|\u001b[0m                 http::Request::builder()\n\u001b[1m\u001b[96m347\u001b[0m \u001b[1m\u001b[96m|\u001b[0m \u001b[1m\u001b[91m|\u001b[0m                     .method(http::Method::POST)\n\u001b[1m\u001b[96m...\u001b[0m   \u001b[1m\u001b[91m|\u001b[0m\n\u001b[1m\u001b[96m355\u001b[0m \u001b[1m\u001b[96m|\u001b[0m \u001b[1m\u001b[91m|\u001b[0m             .await\n    \u001b[1m\u001b[96m|\u001b[0m \u001b[1m\u001b[91m|__________________^\u001b[0m \u001b[1m\u001b[91mcannot infer type\u001b[0m\n\n"}
{"$message_type":"diagnostic","message":"type annotations needed","code":{"code":"E0282","explanation":"The compiler could not infer a type and asked for a type annotation.\n\nErroneous code example:\n\n```compile_fail,E0282\nlet x = Vec::new();\n```\n\nThis error indicates that type inference did not result in one unique possible\ntype, and extra information is required. In most cases this can be provided\nby adding a type annotation. Sometimes you need to specify a generic type\nparameter manually.\n\nIn the example above, type `Vec` has a type parameter `T`. When calling\n`Vec::new`, barring any other later usage of the variable `x` that allows the\ncompiler to infer what type `T` is, the compiler needs to be told what it is.\n\nThe type can be specified on the variable:\n\n```\nlet x: Vec<i32> = Vec::new();\n```\n\nThe type can also be specified in the path of the expression:\n\n```\nlet x = Vec::<i32>::new();\n```\n\nIn cases with more complex types, it is not necessary to annotate the full\ntype. Once the ambiguity is resolved, the compiler can infer the rest:\n\n```\nlet x: Vec<_> = \"hello\".chars().rev().collect();\n```\n\nAnother way to provide the compiler with enough information, is to specify the\ngeneric type parameter:\n\n```\nlet x = \"hello\".chars().rev().collect::<Vec<char>>();\n```\n\nAgain, you need not specify the full type if the compiler can infer it:\n\n```\nlet x = \"hello\".chars().rev().collect::<Vec<_>>();\n```\n\nApart from a method or function with a generic type parameter, this error can\noccur when a type parameter of a struct or trait cannot be inferred. In that\ncase it is not always possible to use a type annotation, because all candidates\nhave the same return type. For instance:\n\n```compile_fail,E0282\nstruct Foo<T> {\n    num: T,\n}\n\nimpl<T> Foo<T> {\n    fn bar() -> i32 {\n        0\n    }\n\n    fn baz() {\n        let number = Foo::bar();\n    }\n}\n```\n\nThis will fail because the compiler does not know which instance of `Foo` to\ncall `bar` on. Change `Foo::bar()` to `Foo::<T>::bar()` to resolve the error.\n"},"level":"error","spans":[{"file_name":"src\\ports\\httpapi\\mod.rs","byte_start":11305,"byte_end":11341,"line_start":361,"line_end":361,"column_start":20,"column_end":56,"is_primary":true,"text":[{"text":"        let body = response.into_body().collect().await.unwrap().to_bytes();","highlight_start":20,"highlight_end":56}],"label":"cannot infer type","suggested_replacement":null,"suggestion_applicability":null,"expansion":null}],"children":[],"rendered":"\u001b[1m\u001b[91merror[E0282]\u001b[0m\u001b[1m\u001b[97m: type annotations needed\u001b[0m\n   \u001b[1m\u001b[96m--> \u001b[0msrc\\ports\\httpapi\\mod.rs:361:20\n    \u001b[1m\u001b[96m|\u001b[0m\n\u001b[1m\u001b[96m361\u001b[0m \u001b[1m\u001b[96m|\u001b[0m         let body = response.into_body().collect().await.unwrap().to_bytes();\n    \u001b[1m\u001b[96m|\u001b[0m                    \u001b[1m\u001b[91m^^^^^^^^^^^^^^^^^^^^^^^^^^^^^^^^^^^^\u001b[0m \u001b[1m\u001b[91mcannot infer type\u001b[0m\n\n"}
{"$message_type":"diagnostic","message":"aborting due to 26 previous errors","code":null,"level":"error","spans":[],"children":[],"rendered":"\u001b[1m\u001b[91merror\u001b[0m\u001b[1m\u001b[97m: aborting due to 26 previous errors\u001b[0m\n\n"}
{"$message_type":"diagnostic","message":"Some errors have detailed explanations: E0277, E0282, E0308, E0432, E0599.","code":null,"level":"failure-note","spans":[],"children":[],"rendered":"\u001b[1m\u001b[97mSome errors have detailed explanations: E0277, E0282, E0308, E0432, E0599.\u001b[0m\n"}
{"$message_type":"diagnostic","message":"For more information about an error, try `rustc --explain E0277`.","code":null,"level":"failure-note","spans":[],"children":[],"rendered":"\u001b[1m\u001b[97mFor more information about an error, try `rustc --explain E0277`.\u001b[0m\n"}
