{"$message_type":"diagnostic","message":"mismatched types","code":{"code":"E0308","explanation":"Expected type did not match the received type.\n\nErroneous code examples:\n\n```compile_fail,E0308\nfn plus_one(x: i32) -> i32 {\n    x + 1\n}\n\nplus_one(\"Not a number\");\n//       ^^^^^^^^^^^^^^ expected `i32`, found `&str`\n\nif \"Not a bool\" {\n// ^^^^^^^^^^^^ expected `bool`, found `&str`\n}\n\nlet x: f32 = \"Not a float\";\n//     ---   ^^^^^^^^^^^^^ expected `f32`, found `&str`\n//     |\n//     expected due to this\n```\n\nThis error occurs when an expression was used in a place where the compiler\nexpected an expression of a different type. It can occur in several cases, the\nmost common being when calling a function and passing an argument which has a\ndifferent type than the matching type in the function declaration.\n"},"level":"error","spans":[{"file_name":"src\\ports\\httpapi\\mod.rs","byte_start":3719,"byte_end":3729,"line_start":117,"line_end":117,"column_start":18,"column_end":28,"is_primary":true,"text":[{"text":"        .execute(&input.url)","highlight_start":18,"highlight_end":28}],"label":"expected `String`, found `&String`","suggested_replacement":null,"suggestion_applicability":null,"expansion":null},{"file_name":"src\\ports\\httpapi\\mod.rs","byte_start":3711,"byte_end":3718,"line_start":117,"line_end":117,"column_start":10,"column_end":17,"is_primary":false,"text":[{"text":"        .execute(&input.url)","highlight_start":10,"highlight_end":17}],"label":"arguments to this method are incorrect","suggested_replacement":null,"suggestion_applicability":null,"expansion":null}],"children":[{"message":"method defined here","code":null,"level":"note","spans":[{"file_name":"src\\app\\command\\create_short_url.rs","byte_start":522,"byte_end":538,"line_start":25,"line_end":25,"column_start":33,"column_end":49,"is_primary":false,"text":[{"text":"    pub async fn execute(&self, full_url: String) -> Result<String, String>{","highlight_start":33,"highlight_end":49}],"label":"","suggested_replacement":null,"suggestion_applicability":null,"expansion":null},{"file_name":"src\\app\\command\\create_short_url.rs","byte_start":507,"byte_end":514,"line_start":25,"line_end":25,"column_start":18,"column_end":25,"is_primary":true,"text":[{"text":"    pub async fn execute(&self, full_url: String) -> Result<String, String>{","highlight_start":18,"highlight_end":25}],"label":null,"suggested_replacement":null,"suggestion_applicability":null,"expansion":null}],"children":[],"rendered":null},{"message":"consider removing the borrow","code":null,"level":"help","spans":[{"file_name":"src\\ports\\httpapi\\mod.rs","byte_start":3719,"byte_end":3720,"line_start":117,"line_end":117,"column_start":18,"column_end":19,"is_primary":true,"text":[{"text":"        .execute(&input.url)","highlight_start":18,"highlight_end":19}],"label":null,"suggested_replacement":"","suggestion_applicability":"MachineApplicable","expansion":null}],"children":[],"rendered":null}],"rendered":"\u001b[1m\u001b[91merror[E0308]\u001b[0m\u001b[1m\u001b[97m: mismatched types\u001b[0m\n   \u001b[1m\u001b[96m--> \u001b[0msrc\\ports\\httpapi\\mod.rs:117:18\n    \u001b[1m\u001b[96m|\u001b[0m\n\u001b[1m\u001b[96m117\u001b[0m \u001b[1m\u001b[96m|\u001b[0m         .execute(&input.url)\n    \u001b[1m\u001b[96m|\u001b[0m          \u001b[1m\u001b[96m-------\u001b[0m \u001b[1m\u001b[91m^^^^^^^^^^\u001b[0m \u001b[1m\u001b[91mexpected `String`, found `&String`\u001b[0m\n    \u001b[1m\u001b[96m|\u001b[0m          \u001b[1m\u001b[96m|\u001b[0m\n    \u001b[1m\u001b[96m|\u001b[0m          \u001b[1m\u001b[96marguments to this method are incorrect\u001b[0m\n    \u001b[1m\u001b[96m|\u001b[0m\n\u001b[1m\u001b[92mnote\u001b[0m: method defined here\n   \u001b[1m\u001b[96m--> \u001b[0msrc\\app\\command\\create_short_url.rs:25:18\n    \u001b[1m\u001b[96m|\u001b[0m\n \u001b[1m\u001b[96m25\u001b[0m \u001b[1m\u001b[96m|\u001b[0m     pub async fn execute(&self, full_url: String) -> Result<String, String>{\n    \u001b[1m\u001b[96m|\u001b[0m                  \u001b[1m\u001b[92m^^^^^^^\u001b[0m        \u001b[1m\u001b[96m----------------\u001b[0m\n\u001b[1m\u001b[96mhelp\u001b[0m: consider removing the borrow\n    \u001b[1m\u001b[96m|\u001b[0m\n\u001b[1m\u001b[96m117\u001b[0m \u001b[91m- \u001b[0m        .execute(\u001b[91m&\u001b[0minput.url)\n\u001b[1m\u001b[96m117\u001b[0m \u001b[92m+ \u001b[0m        .execute(input.url)\n    \u001b[1m\u001b[96m|\u001b[0m\n\n"}
{"$message_type":"diagnostic","message":"mismatched types","code":{"code":"E0308","explanation":"Expected type did not match the received type.\n\nErroneous code examples:\n\n```compile_fail,E0308\nfn plus_one(x: i32) -> i32 {\n    x + 1\n}\n\nplus_one(\"Not a number\");\n//       ^^^^^^^^^^^^^^ expected `i32`, found `&str`\n\nif \"Not a bool\" {\n// ^^^^^^^^^^^^ expected `bool`, found `&str`\n}\n\nlet x: f32 = \"Not a float\";\n//     ---   ^^^^^^^^^^^^^ expected `f32`, found `&str`\n//     |\n//     expected due to this\n```\n\nThis error occurs when an expression was used in a place where the compiler\nexpected an expression of a different type. It can occur in several cases, the\nmost common being when calling a function and passing an argument which has a\ndifferent type than the matching type in the function declaration.\n"},"level":"error","spans":[{"file_name":"src\\ports\\httpapi\\mod.rs","byte_start":3665,"byte_end":3796,"line_start":115,"line_end":119,"column_start":5,"column_end":49,"is_primary":true,"text":[{"text":"    container","highlight_start":5,"highlight_end":14},{"text":"        .shorten_command","highlight_start":1,"highlight_end":25},{"text":"        .execute(&input.url)","highlight_start":1,"highlight_end":29},{"text":"        .await","highlight_start":1,"highlight_end":15},{"text":"        .map(|id| Json(ShortUrlResponse { id }))","highlight_start":1,"highlight_end":49}],"label":"expected `Result<Json<ShortUrlResponse>, AppError>`, found `Result<Json<ShortUrlResponse>, String>`","suggested_replacement":null,"suggestion_applicability":null,"expansion":null},{"file_name":"src\\ports\\httpapi\\mod.rs","byte_start":3453,"byte_end":3493,"line_start":109,"line_end":109,"column_start":6,"column_end":46,"is_primary":false,"text":[{"text":") -> Result<Json<ShortUrlResponse>, AppError>","highlight_start":6,"highlight_end":46}],"label":"expected `Result<Json<ShortUrlResponse>, AppError>` because of return type","suggested_replacement":null,"suggestion_applicability":null,"expansion":null}],"children":[{"message":"expected enum `Result<_, AppError>`\n   found enum `Result<_, std::string::String>`","code":null,"level":"note","spans":[],"children":[],"rendered":null}],"rendered":"\u001b[1m\u001b[91merror[E0308]\u001b[0m\u001b[1m\u001b[97m: mismatched types\u001b[0m\n   \u001b[1m\u001b[96m--> \u001b[0msrc\\ports\\httpapi\\mod.rs:115:5\n    \u001b[1m\u001b[96m|\u001b[0m\n\u001b[1m\u001b[96m109\u001b[0m \u001b[1m\u001b[96m|\u001b[0m   ) -> Result<Json<ShortUrlResponse>, AppError>\n    \u001b[1m\u001b[96m|\u001b[0m        \u001b[1m\u001b[96m----------------------------------------\u001b[0m \u001b[1m\u001b[96mexpected `Result<Json<ShortUrlResponse>, AppError>` because of return type\u001b[0m\n\u001b[1m\u001b[96m...\u001b[0m\n\u001b[1m\u001b[96m115\u001b[0m \u001b[1m\u001b[96m|\u001b[0m \u001b[1m\u001b[91m/\u001b[0m     container\n\u001b[1m\u001b[96m116\u001b[0m \u001b[1m\u001b[96m|\u001b[0m \u001b[1m\u001b[91m|\u001b[0m         .shorten_command\n\u001b[1m\u001b[96m117\u001b[0m \u001b[1m\u001b[96m|\u001b[0m \u001b[1m\u001b[91m|\u001b[0m         .execute(&input.url)\n\u001b[1m\u001b[96m118\u001b[0m \u001b[1m\u001b[96m|\u001b[0m \u001b[1m\u001b[91m|\u001b[0m         .await\n\u001b[1m\u001b[96m119\u001b[0m \u001b[1m\u001b[96m|\u001b[0m \u001b[1m\u001b[91m|\u001b[0m         .map(|id| Json(ShortUrlResponse { id }))\n    \u001b[1m\u001b[96m|\u001b[0m \u001b[1m\u001b[91m|________________________________________________^\u001b[0m \u001b[1m\u001b[91mexpected `Result<Json<ShortUrlResponse>, AppError>`, found `Result<Json<ShortUrlResponse>, String>`\u001b[0m\n    \u001b[1m\u001b[96m|\u001b[0m\n    \u001b[1m\u001b[96m= \u001b[0m\u001b[1m\u001b[97mnote\u001b[0m: expected enum `Result<_, \u001b[1m\u001b[35mAppError\u001b[0m>`\n               found enum `Result<_, \u001b[1m\u001b[35mstd::string::String\u001b[0m>`\n\n"}
{"$message_type":"diagnostic","message":"`Result<std::string::String, std::string::String>` is not a future","code":{"code":"E0277","explanation":"You tried to use a type which doesn't implement some trait in a place which\nexpected that trait.\n\nErroneous code example:\n\n```compile_fail,E0277\n// here we declare the Foo trait with a bar method\ntrait Foo {\n    fn bar(&self);\n}\n\n// we now declare a function which takes an object implementing the Foo trait\nfn some_func<T: Foo>(foo: T) {\n    foo.bar();\n}\n\nfn main() {\n    // we now call the method with the i32 type, which doesn't implement\n    // the Foo trait\n    some_func(5i32); // error: the trait bound `i32 : Foo` is not satisfied\n}\n```\n\nIn order to fix this error, verify that the type you're using does implement\nthe trait. Example:\n\n```\ntrait Foo {\n    fn bar(&self);\n}\n\n// we implement the trait on the i32 type\nimpl Foo for i32 {\n    fn bar(&self) {}\n}\n\nfn some_func<T: Foo>(foo: T) {\n    foo.bar(); // we can now use this method since i32 implements the\n               // Foo trait\n}\n\nfn main() {\n    some_func(5i32); // ok!\n}\n```\n\nOr in a generic context, an erroneous code example would look like:\n\n```compile_fail,E0277\nfn some_func<T>(foo: T) {\n    println!(\"{:?}\", foo); // error: the trait `core::fmt::Debug` is not\n                           //        implemented for the type `T`\n}\n\nfn main() {\n    // We now call the method with the i32 type,\n    // which *does* implement the Debug trait.\n    some_func(5i32);\n}\n```\n\nNote that the error here is in the definition of the generic function. Although\nwe only call it with a parameter that does implement `Debug`, the compiler\nstill rejects the function. It must work with all possible input types. In\norder to make this example compile, we need to restrict the generic type we're\naccepting:\n\n```\nuse std::fmt;\n\n// Restrict the input type to types that implement Debug.\nfn some_func<T: fmt::Debug>(foo: T) {\n    println!(\"{:?}\", foo);\n}\n\nfn main() {\n    // Calling the method is still fine, as i32 implements Debug.\n    some_func(5i32);\n\n    // This would fail to compile now:\n    // struct WithoutDebug;\n    // some_func(WithoutDebug);\n}\n```\n\nRust only looks at the signature of the called function, as such it must\nalready specify all requirements that will be used for every type parameter.\n"},"level":"error","spans":[{"file_name":"src\\ports\\httpapi\\mod.rs","byte_start":4428,"byte_end":4433,"line_start":145,"line_end":145,"column_start":10,"column_end":15,"is_primary":true,"text":[{"text":"        .await","highlight_start":10,"highlight_end":15}],"label":"`Result<std::string::String, std::string::String>` is not a future","suggested_replacement":null,"suggestion_applicability":null,"expansion":{"span":{"file_name":"src\\ports\\httpapi\\mod.rs","byte_start":4428,"byte_end":4433,"line_start":145,"line_end":145,"column_start":10,"column_end":15,"is_primary":false,"text":[{"text":"        .await","highlight_start":10,"highlight_end":15}],"label":null,"suggested_replacement":null,"suggestion_applicability":null,"expansion":null},"macro_decl_name":"desugaring of `await` expression","def_site_span":{"file_name":"src\\main.rs","byte_start":0,"byte_end":0,"line_start":1,"line_end":1,"column_start":1,"column_end":1,"is_primary":false,"text":[],"label":null,"suggested_replacement":null,"suggestion_applicability":null,"expansion":null}}}],"children":[{"message":"the trait `Future` is not implemented for `Result<std::string::String, std::string::String>`","code":null,"level":"help","spans":[],"children":[],"rendered":null},{"message":"Result<std::string::String, std::string::String> must be a future or must implement `IntoFuture` to be awaited","code":null,"level":"note","spans":[],"children":[],"rendered":null},{"message":"required for `Result<std::string::String, std::string::String>` to implement `IntoFuture`","code":null,"level":"note","spans":[],"children":[],"rendered":null},{"message":"remove the `.await`","code":null,"level":"help","spans":[{"file_name":"src\\ports\\httpapi\\mod.rs","byte_start":4427,"byte_end":4433,"line_start":145,"line_end":145,"column_start":9,"column_end":15,"is_primary":true,"text":[{"text":"        .await","highlight_start":9,"highlight_end":15}],"label":null,"suggested_replacement":"","suggestion_applicability":"MachineApplicable","expansion":null}],"children":[],"rendered":null}],"rendered":"\u001b[1m\u001b[91merror[E0277]\u001b[0m\u001b[1m\u001b[97m: `Result<std::string::String, std::string::String>` is not a future\u001b[0m\n   \u001b[1m\u001b[96m--> \u001b[0msrc\\ports\\httpapi\\mod.rs:145:10\n    \u001b[1m\u001b[96m|\u001b[0m\n\u001b[1m\u001b[96m145\u001b[0m \u001b[1m\u001b[96m|\u001b[0m         .await\n    \u001b[1m\u001b[96m|\u001b[0m          \u001b[1m\u001b[91m^^^^^\u001b[0m \u001b[1m\u001b[91m`Result<std::string::String, std::string::String>` is not a future\u001b[0m\n    \u001b[1m\u001b[96m|\u001b[0m\n    \u001b[1m\u001b[96m= \u001b[0m\u001b[1m\u001b[97mhelp\u001b[0m: the trait `Future` is not implemented for `Result<std::string::String, std::string::String>`\n    \u001b[1m\u001b[96m= \u001b[0m\u001b[1m\u001b[97mnote\u001b[0m: Result<std::string::String, std::string::String> must be a future or must implement `IntoFuture` to be awaited\n    \u001b[1m\u001b[96m= \u001b[0m\u001b[1m\u001b[97mnote\u001b[0m: required for `Result<std::string::String, std::string::String>` to implement `IntoFuture`\n\u001b[1m\u001b[96mhelp\u001b[0m: remove the `.await`\n    \u001b[1m\u001b[96m|\u001b[0m\n\u001b[1m\u001b[96m145\u001b[0m \u001b[91m- \u001b[0m        \u001b[91m.await\u001b[0m\n    \u001b[1m\u001b[96m|\u001b[0m\n\n"}
{"$message_type":"diagnostic","message":"type annotations needed","code":{"code":"E0282","explanation":"The compiler could not infer a type and asked for a type annotation.\n\nErroneous code example:\n\n```compile_fail,E0282\nlet x = Vec::new();\n```\n\nThis error indicates that type inference did not result in one unique possible\ntype, and extra information is required. In most cases this can be provided\nby adding a type annotation. Sometimes you need to specify a generic type\nparameter manually.\n\nIn the example above, type `Vec` has a type parameter `T`. When calling\n`Vec::new`, barring any other later usage of the variable `x` that allows the\ncompiler to infer what type `T` is, the compiler needs to be told what it is.\n\nThe type can be specified on the variable:\n\n```\nlet x: Vec<i32> = Vec::new();\n```\n\nThe type can also be specified in the path of the expression:\n\n```\nlet x = Vec::<i32>::new();\n```\n\nIn cases with more complex types, it is not necessary to annotate the full\ntype. Once the ambiguity is resolved, the compiler can infer the rest:\n\n```\nlet x: Vec<_> = \"hello\".chars().rev().collect();\n```\n\nAnother way to provide the compiler with enough information, is to specify the\ngeneric type parameter:\n\n```\nlet x = \"hello\".chars().rev().collect::<Vec<char>>();\n```\n\nAgain, you need not specify the full type if the compiler can infer it:\n\n```\nlet x = \"hello\".chars().rev().collect::<Vec<_>>();\n```\n\nApart from a method or function with a generic type parameter, this error can\noccur when a type parameter of a struct or trait cannot be inferred. In that\ncase it is not always possible to use a type annotation, because all candidates\nhave the same return type. For instance:\n\n```compile_fail,E0282\nstruct Foo<T> {\n    num: T,\n}\n\nimpl<T> Foo<T> {\n    fn bar() -> i32 {\n        0\n    }\n\n    fn baz() {\n        let number = Foo::bar();\n    }\n}\n```\n\nThis will fail because the compiler does not know which instance of `Foo` to\ncall `bar` on. Change `Foo::bar()` to `Foo::<T>::bar()` to resolve the error.\n"},"level":"error","spans":[{"file_name":"src\\ports\\httpapi\\mod.rs","byte_start":4356,"byte_end":4433,"line_start":142,"line_end":145,"column_start":5,"column_end":15,"is_primary":true,"text":[{"text":"    container","highlight_start":5,"highlight_end":14},{"text":"        .get_full_url_query","highlight_start":1,"highlight_end":28},{"text":"        .execute(&id)","highlight_start":1,"highlight_end":22},{"text":"        .await","highlight_start":1,"highlight_end":15}],"label":"cannot infer type","suggested_replacement":null,"suggestion_applicability":null,"expansion":null}],"children":[],"rendered":"\u001b[1m\u001b[91merror[E0282]\u001b[0m\u001b[1m\u001b[97m: type annotations needed\u001b[0m\n   \u001b[1m\u001b[96m--> \u001b[0msrc\\ports\\httpapi\\mod.rs:142:5\n    \u001b[1m\u001b[96m|\u001b[0m\n\u001b[1m\u001b[96m142\u001b[0m \u001b[1m\u001b[96m|\u001b[0m \u001b[1m\u001b[91m/\u001b[0m     container\n\u001b[1m\u001b[96m143\u001b[0m \u001b[1m\u001b[96m|\u001b[0m \u001b[1m\u001b[91m|\u001b[0m         .get_full_url_query\n\u001b[1m\u001b[96m144\u001b[0m \u001b[1m\u001b[96m|\u001b[0m \u001b[1m\u001b[91m|\u001b[0m         .execute(&id)\n\u001b[1m\u001b[96m145\u001b[0m \u001b[1m\u001b[96m|\u001b[0m \u001b[1m\u001b[91m|\u001b[0m         .await\n    \u001b[1m\u001b[96m|\u001b[0m \u001b[1m\u001b[91m|______________^\u001b[0m \u001b[1m\u001b[91mcannot infer type\u001b[0m\n\n"}
{"$message_type":"diagnostic","message":"aborting due to 4 previous errors","code":null,"level":"error","spans":[],"children":[],"rendered":"\u001b[1m\u001b[91merror\u001b[0m\u001b[1m\u001b[97m: aborting due to 4 previous errors\u001b[0m\n\n"}
{"$message_type":"diagnostic","message":"Some errors have detailed explanations: E0277, E0282, E0308.","code":null,"level":"failure-note","spans":[],"children":[],"rendered":"\u001b[1m\u001b[97mSome errors have detailed explanations: E0277, E0282, E0308.\u001b[0m\n"}
{"$message_type":"diagnostic","message":"For more information about an error, try `rustc --explain E0277`.","code":null,"level":"failure-note","spans":[],"children":[],"rendered":"\u001b[1m\u001b[97mFor more information about an error, try `rustc --explain E0277`.\u001b[0m\n"}
